This is pdfTeX, Version 3.1415926-2.3-1.40.12 (MiKTeX 2.9) (preloaded format=pdflatex 2011.6.9)  13 FEB 2012 22:02
entering extended mode
**C:/Data/School/MFF/Diplomka/!!!*Text/Amster/Chapter3.tex
("C:/Data/School/MFF/Diplomka/!!! Text/Amster/Chapter3.tex"
LaTeX2e <2009/09/24>
Babel <v3.8l> and hyphenation patterns for english, afrikaans, ancientgreek, ar
abic, armenian, assamese, basque, bengali, bokmal, bulgarian, catalan, coptic, 
croatian, czech, danish, dutch, esperanto, estonian, farsi, finnish, french, ga
lician, german, german-x-2009-06-19, greek, gujarati, hindi, hungarian, iceland
ic, indonesian, interlingua, irish, italian, kannada, kurmanji, lao, latin, lat
vian, lithuanian, malayalam, marathi, mongolian, mongolianlmc, monogreek, ngerm
an, ngerman-x-2009-06-19, nynorsk, oriya, panjabi, pinyin, polish, portuguese, 
romanian, russian, sanskrit, serbian, slovak, slovenian, spanish, swedish, swis
sgerman, tamil, telugu, turkish, turkmen, ukenglish, ukrainian, uppersorbian, u
senglishmax, welsh, loaded.
! Undefined control sequence.
l.1 \chapter
            {Optimal risk-sensitive trading strategy}
The control sequence at the end of the top line
of your error message was never \def'ed. If you have
misspelled it (e.g., `\hobx'), type `I' and the correct
spelling (e.g., `I\hbox'). Otherwise just continue,
and I'll forget about whatever was undefined.


! LaTeX Error: Missing \begin{document}.

See the LaTeX manual or LaTeX Companion for explanation.
Type  H <return>  for immediate help.
 ...                                              
                                                  
l.1 \chapter{O
              ptimal risk-sensitive trading strategy}
You're in trouble here.  Try typing  <return>  to proceed.
If that doesn't work, type  X <return>  to quit.

Missing character: There is no O in font nullfont!
Missing character: There is no p in font nullfont!
Missing character: There is no t in font nullfont!
Missing character: There is no i in font nullfont!
Missing character: There is no m in font nullfont!
Missing character: There is no a in font nullfont!
Missing character: There is no l in font nullfont!
Missing character: There is no r in font nullfont!
Missing character: There is no i in font nullfont!
Missing character: There is no s in font nullfont!
Missing character: There is no k in font nullfont!
Missing character: There is no - in font nullfont!
Missing character: There is no s in font nullfont!
Missing character: There is no e in font nullfont!
Missing character: There is no n in font nullfont!
Missing character: There is no s in font nullfont!
Missing character: There is no i in font nullfont!
Missing character: There is no t in font nullfont!
Missing character: There is no i in font nullfont!
Missing character: There is no v in font nullfont!
Missing character: There is no e in font nullfont!
Missing character: There is no t in font nullfont!
Missing character: There is no r in font nullfont!
Missing character: There is no a in font nullfont!
Missing character: There is no d in font nullfont!
Missing character: There is no i in font nullfont!
Missing character: There is no n in font nullfont!
Missing character: There is no g in font nullfont!
Missing character: There is no s in font nullfont!
Missing character: There is no t in font nullfont!
Missing character: There is no r in font nullfont!
Missing character: There is no a in font nullfont!
Missing character: There is no t in font nullfont!
Missing character: There is no e in font nullfont!
Missing character: There is no g in font nullfont!
Missing character: There is no y in font nullfont!
Missing character: There is no S in font nullfont!
Missing character: There is no u in font nullfont!
Missing character: There is no p in font nullfont!
Missing character: There is no p in font nullfont!
Missing character: There is no o in font nullfont!
Missing character: There is no s in font nullfont!
Missing character: There is no e in font nullfont!
Missing character: There is no t in font nullfont!
Missing character: There is no h in font nullfont!
Missing character: There is no a in font nullfont!
Missing character: There is no t in font nullfont!
Missing character: There is no a in font nullfont!
Missing character: There is no m in font nullfont!
Missing character: There is no a in font nullfont!
Missing character: There is no r in font nullfont!
Missing character: There is no k in font nullfont!
Missing character: There is no e in font nullfont!
Missing character: There is no t in font nullfont!
Missing character: There is no c in font nullfont!
Missing character: There is no o in font nullfont!
Missing character: There is no n in font nullfont!
Missing character: There is no s in font nullfont!
Missing character: There is no i in font nullfont!
Missing character: There is no s in font nullfont!
Missing character: There is no t in font nullfont!
Missing character: There is no o in font nullfont!
Missing character: There is no f in font nullfont!
Missing character: There is no t in font nullfont!
Missing character: There is no w in font nullfont!
Missing character: There is no o in font nullfont!
Missing character: There is no a in font nullfont!
Missing character: There is no s in font nullfont!
Missing character: There is no s in font nullfont!
Missing character: There is no e in font nullfont!
Missing character: There is no t in font nullfont!
Missing character: There is no s in font nullfont!
Missing character: There is no . in font nullfont!
Missing character: There is no T in font nullfont!
Missing character: There is no h in font nullfont!
Missing character: There is no e in font nullfont!
Missing character: There is no f in font nullfont!
Missing character: There is no i in font nullfont!
Missing character: There is no r in font nullfont!
Missing character: There is no s in font nullfont!
Missing character: There is no t in font nullfont!
Missing character: There is no a in font nullfont!
Missing character: There is no s in font nullfont!
Missing character: There is no s in font nullfont!
Missing character: There is no e in font nullfont!
Missing character: There is no t in font nullfont!
Missing character: There is no d in font nullfont!
Missing character: There is no e in font nullfont!
Missing character: There is no n in font nullfont!
Missing character: There is no o in font nullfont!
Missing character: There is no t in font nullfont!
Missing character: There is no e in font nullfont!
Missing character: There is no d in font nullfont!
Missing character: There is no b in font nullfont!
Missing character: There is no y in font nullfont!
LaTeX Font Info:    External font `cmex10' loaded for size
(Font)              <7> on input line 2.
LaTeX Font Info:    External font `cmex10' loaded for size
(Font)              <5> on input line 2.
Missing character: There is no b in font nullfont!
Missing character: There is no e in font nullfont!
Missing character: There is no a in font nullfont!
Missing character: There is no r in font nullfont!
Missing character: There is no s in font nullfont!
Missing character: There is no n in font nullfont!
Missing character: There is no o in font nullfont!
Missing character: There is no r in font nullfont!
Missing character: There is no i in font nullfont!
Missing character: There is no s in font nullfont!
Missing character: There is no k in font nullfont!
Missing character: There is no . in font nullfont!
Missing character: There is no T in font nullfont!
Missing character: There is no i in font nullfont!
Missing character: There is no m in font nullfont!
Missing character: There is no e in font nullfont!
Missing character: There is no d in font nullfont!
Missing character: There is no e in font nullfont!
Missing character: There is no v in font nullfont!
Missing character: There is no e in font nullfont!
Missing character: There is no l in font nullfont!
Missing character: There is no o in font nullfont!
Missing character: There is no p in font nullfont!
Missing character: There is no m in font nullfont!
Missing character: There is no e in font nullfont!
Missing character: There is no n in font nullfont!
Missing character: There is no t in font nullfont!
Missing character: There is no o in font nullfont!
Missing character: There is no f in font nullfont!
Missing character: There is no i in font nullfont!
Missing character: There is no t in font nullfont!
Missing character: There is no ' in font nullfont!
Missing character: There is no s in font nullfont!
Missing character: There is no p in font nullfont!
Missing character: There is no r in font nullfont!
Missing character: There is no i in font nullfont!
Missing character: There is no c in font nullfont!
Missing character: There is no e in font nullfont!
Missing character: There is no i in font nullfont!
Missing character: There is no s in font nullfont!
Missing character: There is no g in font nullfont!
Missing character: There is no i in font nullfont!
Missing character: There is no v in font nullfont!
Missing character: There is no e in font nullfont!
Missing character: There is no n in font nullfont!
Missing character: There is no b in font nullfont!
Missing character: There is no y in font nullfont!

Overfull \hbox (20.0pt too wide) in paragraph at lines 1--3
[]
 []


Overfull \hbox (11.19444pt too wide) in paragraph at lines 1--3
\OML/cmm/m/it/10 S[]$
 []


Overfull \hbox (61.34477pt too wide) detected at line 5
\OT1/cmr/m/n/10 d\OML/cmm/m/it/10 S[] \OT1/cmr/m/n/10 = \OML/cmm/m/it/10 r S[] 
\OT1/cmr/m/n/10 d\OML/cmm/m/it/10 t:
 []

Missing character: There is no U in font nullfont!
Missing character: There is no n in font nullfont!
Missing character: There is no d in font nullfont!
Missing character: There is no e in font nullfont!
Missing character: There is no r in font nullfont!
Missing character: There is no t in font nullfont!
Missing character: There is no h in font nullfont!
Missing character: There is no i in font nullfont!
Missing character: There is no s in font nullfont!
Missing character: There is no a in font nullfont!
Missing character: There is no s in font nullfont!
Missing character: There is no s in font nullfont!
Missing character: There is no e in font nullfont!
Missing character: There is no t in font nullfont!
Missing character: There is no w in font nullfont!
Missing character: There is no e in font nullfont!
Missing character: There is no c in font nullfont!
Missing character: There is no a in font nullfont!
Missing character: There is no n in font nullfont!
Missing character: There is no i in font nullfont!
Missing character: There is no m in font nullfont!
Missing character: There is no a in font nullfont!
Missing character: There is no g in font nullfont!
Missing character: There is no i in font nullfont!
Missing character: There is no n in font nullfont!
Missing character: There is no e in font nullfont!
Missing character: There is no b in font nullfont!
Missing character: There is no a in font nullfont!
Missing character: There is no n in font nullfont!
Missing character: There is no k in font nullfont!
Missing character: There is no a in font nullfont!
Missing character: There is no c in font nullfont!
Missing character: There is no c in font nullfont!
Missing character: There is no o in font nullfont!
Missing character: There is no u in font nullfont!
Missing character: There is no n in font nullfont!
Missing character: There is no t in font nullfont!
Missing character: There is no w in font nullfont!
Missing character: There is no i in font nullfont!
Missing character: There is no t in font nullfont!
Missing character: There is no h in font nullfont!
Missing character: There is no c in font nullfont!
Missing character: There is no o in font nullfont!
Missing character: There is no n in font nullfont!
Missing character: There is no s in font nullfont!
Missing character: There is no t in font nullfont!
Missing character: There is no a in font nullfont!
Missing character: There is no n in font nullfont!
Missing character: There is no t in font nullfont!
Missing character: There is no i in font nullfont!
Missing character: There is no n in font nullfont!
Missing character: There is no t in font nullfont!
Missing character: There is no e in font nullfont!
Missing character: There is no r in font nullfont!
Missing character: There is no e in font nullfont!
Missing character: There is no s in font nullfont!
Missing character: There is no t in font nullfont!
Missing character: There is no r in font nullfont!
Missing character: There is no a in font nullfont!
Missing character: There is no t in font nullfont!
Missing character: There is no e in font nullfont!
Missing character: There is no a in font nullfont!
Missing character: There is no n in font nullfont!
Missing character: There is no d in font nullfont!
Missing character: There is no c in font nullfont!
Missing character: There is no o in font nullfont!
Missing character: There is no n in font nullfont!
Missing character: There is no t in font nullfont!
Missing character: There is no i in font nullfont!
Missing character: There is no n in font nullfont!
Missing character: There is no u in font nullfont!
Missing character: There is no o in font nullfont!
Missing character: There is no u in font nullfont!
Missing character: There is no s in font nullfont!
Missing character: There is no c in font nullfont!
Missing character: There is no o in font nullfont!
Missing character: There is no m in font nullfont!
Missing character: There is no p in font nullfont!
Missing character: There is no o in font nullfont!
Missing character: There is no u in font nullfont!
Missing character: There is no n in font nullfont!
Missing character: There is no d in font nullfont!
Missing character: There is no i in font nullfont!
Missing character: There is no n in font nullfont!
Missing character: There is no g in font nullfont!
Missing character: There is no . in font nullfont!
Missing character: There is no T in font nullfont!
Missing character: There is no h in font nullfont!
Missing character: There is no e in font nullfont!
Missing character: There is no s in font nullfont!
Missing character: There is no e in font nullfont!
Missing character: There is no c in font nullfont!
Missing character: There is no o in font nullfont!
Missing character: There is no n in font nullfont!
Missing character: There is no d in font nullfont!
Missing character: There is no a in font nullfont!
Missing character: There is no s in font nullfont!
Missing character: There is no s in font nullfont!
Missing character: There is no e in font nullfont!
Missing character: There is no t in font nullfont!
Missing character: There is no d in font nullfont!
Missing character: There is no e in font nullfont!
Missing character: There is no n in font nullfont!
Missing character: There is no o in font nullfont!
Missing character: There is no t in font nullfont!
Missing character: There is no e in font nullfont!
Missing character: There is no d in font nullfont!
Missing character: There is no b in font nullfont!
Missing character: There is no y in font nullfont!
Missing character: There is no r in font nullfont!
Missing character: There is no e in font nullfont!
Missing character: There is no p in font nullfont!
Missing character: There is no r in font nullfont!
Missing character: There is no e in font nullfont!
Missing character: There is no s in font nullfont!
Missing character: There is no n in font nullfont!
Missing character: There is no t in font nullfont!
Missing character: There is no a in font nullfont!
Missing character: There is no s in font nullfont!
Missing character: There is no t in font nullfont!
Missing character: There is no o in font nullfont!
Missing character: There is no c in font nullfont!
Missing character: There is no k in font nullfont!
Missing character: There is no o in font nullfont!
Missing character: There is no r in font nullfont!
Missing character: There is no a in font nullfont!
Missing character: There is no s in font nullfont!
Missing character: There is no t in font nullfont!
Missing character: There is no o in font nullfont!
Missing character: There is no c in font nullfont!
Missing character: There is no k in font nullfont!
Missing character: There is no i in font nullfont!
Missing character: There is no n in font nullfont!
Missing character: There is no d in font nullfont!
Missing character: There is no e in font nullfont!
Missing character: There is no x in font nullfont!
Missing character: There is no . in font nullfont!
Missing character: There is no W in font nullfont!
Missing character: There is no e in font nullfont!
Missing character: There is no a in font nullfont!
Missing character: There is no s in font nullfont!
Missing character: There is no s in font nullfont!
Missing character: There is no u in font nullfont!
Missing character: There is no m in font nullfont!
Missing character: There is no e in font nullfont!
Missing character: There is no t in font nullfont!
Missing character: There is no h in font nullfont!
Missing character: There is no a in font nullfont!
Missing character: There is no t in font nullfont!
Missing character: There is no i in font nullfont!
Missing character: There is no t in font nullfont!
Missing character: There is no " in font nullfont!
Missing character: There is no ' in font nullfont!
Missing character: There is no s in font nullfont!
Missing character: There is no p in font nullfont!
Missing character: There is no r in font nullfont!
Missing character: There is no i in font nullfont!
Missing character: There is no c in font nullfont!
Missing character: There is no e in font nullfont!
Missing character: There is no f in font nullfont!
Missing character: There is no o in font nullfont!
Missing character: There is no l in font nullfont!
Missing character: There is no l in font nullfont!
Missing character: There is no o in font nullfont!
Missing character: There is no w in font nullfont!
Missing character: There is no s in font nullfont!
Missing character: There is no g in font nullfont!
Missing character: There is no e in font nullfont!
Missing character: There is no o in font nullfont!
Missing character: There is no m in font nullfont!
Missing character: There is no e in font nullfont!
Missing character: There is no t in font nullfont!
Missing character: There is no r in font nullfont!
Missing character: There is no i in font nullfont!
Missing character: There is no c in font nullfont!
Missing character: There is no B in font nullfont!
Missing character: There is no r in font nullfont!
Missing character: There is no o in font nullfont!
Missing character: There is no w in font nullfont!
Missing character: There is no n in font nullfont!
Missing character: There is no i in font nullfont!
Missing character: There is no a in font nullfont!
Missing character: There is no n in font nullfont!
Missing character: There is no m in font nullfont!
Missing character: There is no o in font nullfont!
Missing character: There is no t in font nullfont!
Missing character: There is no i in font nullfont!
Missing character: There is no o in font nullfont!
Missing character: There is no n in font nullfont!
Missing character: There is no w in font nullfont!
Missing character: There is no i in font nullfont!
Missing character: There is no t in font nullfont!
Missing character: There is no h in font nullfont!
Missing character: There is no d in font nullfont!
Missing character: There is no r in font nullfont!
Missing character: There is no i in font nullfont!
Missing character: There is no f in font nullfont!
Missing character: There is no t in font nullfont!
Missing character: There is no a in font nullfont!
Missing character: There is no n in font nullfont!
Missing character: There is no d in font nullfont!
Missing character: There is no v in font nullfont!
Missing character: There is no o in font nullfont!
Missing character: There is no l in font nullfont!
Missing character: There is no a in font nullfont!
Missing character: There is no t in font nullfont!
Missing character: There is no i in font nullfont!
Missing character: There is no l in font nullfont!
Missing character: There is no i in font nullfont!
Missing character: There is no t in font nullfont!
Missing character: There is no y in font nullfont!

Overfull \hbox (4.78937pt too wide) in paragraph at lines 5--7
            $\OML/cmm/m/it/10 r$
 []


Overfull \hbox (11.19444pt too wide) in paragraph at lines 5--7
\OML/cmm/m/it/10 S[]$
 []


Overfull \hbox (6.02548pt too wide) in paragraph at lines 5--7
\OML/cmm/m/it/10 $
 []


Overfull \hbox (6.0729pt too wide) in paragraph at lines 5--7
\OML/cmm/m/it/10 $ 
 []


Overfull \hbox (107.81352pt too wide) detected at line 9
\OT1/cmr/m/n/10 d\OML/cmm/m/it/10 S[] \OT1/cmr/m/n/10 = \OML/cmm/m/it/10  S[]\
OT1/cmr/m/n/10 d\OML/cmm/m/it/10 t \OT1/cmr/m/n/10 + \OML/cmm/m/it/10  S[] \OT
1/cmr/m/n/10 d\OML/cmm/m/it/10 W[];
 []

Missing character: There is no w in font nullfont!
Missing character: There is no h in font nullfont!
Missing character: There is no e in font nullfont!
Missing character: There is no r in font nullfont!
Missing character: There is no e in font nullfont!
Missing character: There is no i in font nullfont!
Missing character: There is no s in font nullfont!
Missing character: There is no B in font nullfont!
Missing character: There is no r in font nullfont!
Missing character: There is no o in font nullfont!
Missing character: There is no n in font nullfont!
Missing character: There is no i in font nullfont!
Missing character: There is no a in font nullfont!
Missing character: There is no n in font nullfont!
Missing character: There is no m in font nullfont!
Missing character: There is no o in font nullfont!
Missing character: There is no t in font nullfont!
Missing character: There is no i in font nullfont!
Missing character: There is no o in font nullfont!
Missing character: There is no n in font nullfont!
Missing character: There is no . in font nullfont!
Missing character: There is no B in font nullfont!
Missing character: There is no e in font nullfont!
Missing character: There is no c in font nullfont!
Missing character: There is no a in font nullfont!
Missing character: There is no u in font nullfont!
Missing character: There is no s in font nullfont!
Missing character: There is no e in font nullfont!
Missing character: There is no n in font nullfont!
Missing character: There is no o in font nullfont!
Missing character: There is no o in font nullfont!
Missing character: There is no t in font nullfont!
Missing character: There is no h in font nullfont!
Missing character: There is no e in font nullfont!
Missing character: There is no r in font nullfont!
Missing character: There is no a in font nullfont!
Missing character: There is no s in font nullfont!
Missing character: There is no s in font nullfont!
Missing character: There is no e in font nullfont!
Missing character: There is no t in font nullfont!
Missing character: There is no s in font nullfont!
Missing character: There is no a in font nullfont!
Missing character: There is no r in font nullfont!
Missing character: There is no e in font nullfont!
Missing character: There is no a in font nullfont!
Missing character: There is no v in font nullfont!
Missing character: There is no a in font nullfont!
Missing character: There is no i in font nullfont!
Missing character: There is no l in font nullfont!
Missing character: There is no a in font nullfont!
Missing character: There is no b in font nullfont!
Missing character: There is no l in font nullfont!
Missing character: There is no e in font nullfont!
Missing character: There is no , in font nullfont!
Missing character: There is no I in font nullfont!
Missing character: There is no n in font nullfont!
Missing character: There is no v in font nullfont!
Missing character: There is no e in font nullfont!
Missing character: There is no s in font nullfont!
Missing character: There is no t in font nullfont!
Missing character: There is no o in font nullfont!
Missing character: There is no r in font nullfont!
Missing character: There is no m in font nullfont!
Missing character: There is no u in font nullfont!
Missing character: There is no s in font nullfont!
Missing character: There is no t in font nullfont!
Missing character: There is no h in font nullfont!
Missing character: There is no o in font nullfont!
Missing character: There is no l in font nullfont!
Missing character: There is no d in font nullfont!
Missing character: There is no s in font nullfont!
Missing character: There is no a in font nullfont!
Missing character: There is no l in font nullfont!
Missing character: There is no l in font nullfont!
Missing character: There is no h in font nullfont!
Missing character: There is no i in font nullfont!
Missing character: There is no s in font nullfont!
Missing character: There is no w in font nullfont!
Missing character: There is no e in font nullfont!
Missing character: There is no a in font nullfont!
Missing character: There is no l in font nullfont!
Missing character: There is no t in font nullfont!
Missing character: There is no h in font nullfont!
Missing character: There is no i in font nullfont!
Missing character: There is no n in font nullfont!
Missing character: There is no t in font nullfont!
Missing character: There is no h in font nullfont!
Missing character: There is no e in font nullfont!
Missing character: There is no s in font nullfont!
Missing character: There is no e in font nullfont!
Missing character: There is no t in font nullfont!
Missing character: There is no w in font nullfont!
Missing character: There is no o in font nullfont!
Missing character: There is no a in font nullfont!
Missing character: There is no s in font nullfont!
Missing character: There is no s in font nullfont!
Missing character: There is no e in font nullfont!
Missing character: There is no t in font nullfont!
Missing character: There is no s in font nullfont!
Missing character: There is no . in font nullfont!
Missing character: There is no F in font nullfont!
Missing character: There is no u in font nullfont!
Missing character: There is no r in font nullfont!
Missing character: There is no t in font nullfont!
Missing character: There is no h in font nullfont!
Missing character: There is no e in font nullfont!
Missing character: There is no r in font nullfont!
Missing character: There is no w in font nullfont!
Missing character: There is no e in font nullfont!
Missing character: There is no a in font nullfont!
Missing character: There is no s in font nullfont!
Missing character: There is no s in font nullfont!
Missing character: There is no u in font nullfont!
Missing character: There is no m in font nullfont!
Missing character: There is no e in font nullfont!
Missing character: There is no t in font nullfont!
Missing character: There is no h in font nullfont!
Missing character: There is no a in font nullfont!
Missing character: There is no t in font nullfont!
Missing character: There is no e in font nullfont!
Missing character: There is no v in font nullfont!
Missing character: There is no e in font nullfont!
Missing character: There is no r in font nullfont!
Missing character: There is no y in font nullfont!
Missing character: There is no t in font nullfont!
Missing character: There is no i in font nullfont!
Missing character: There is no m in font nullfont!
Missing character: There is no e in font nullfont!
Missing character: There is no o in font nullfont!
Missing character: There is no n in font nullfont!
Missing character: There is no e in font nullfont!
Missing character: There is no w in font nullfont!
Missing character: There is no a in font nullfont!
Missing character: There is no n in font nullfont!
Missing character: There is no t in font nullfont!
Missing character: There is no s in font nullfont!
Missing character: There is no t in font nullfont!
Missing character: There is no o in font nullfont!
Missing character: There is no t in font nullfont!
Missing character: There is no r in font nullfont!
Missing character: There is no a in font nullfont!
Missing character: There is no d in font nullfont!
Missing character: There is no e in font nullfont!
Missing character: There is no t in font nullfont!
Missing character: There is no h in font nullfont!
Missing character: There is no e in font nullfont!
Missing character: There is no r in font nullfont!
Missing character: There is no i in font nullfont!
Missing character: There is no s in font nullfont!
Missing character: There is no k in font nullfont!
Missing character: There is no y in font nullfont!
Missing character: There is no a in font nullfont!
Missing character: There is no s in font nullfont!
Missing character: There is no s in font nullfont!
Missing character: There is no e in font nullfont!
Missing character: There is no t in font nullfont!
Missing character: There is no , in font nullfont!
Missing character: There is no m in font nullfont!
Missing character: There is no u in font nullfont!
Missing character: There is no s in font nullfont!
Missing character: There is no t in font nullfont!
Missing character: There is no p in font nullfont!
Missing character: There is no a in font nullfont!
Missing character: There is no y in font nullfont!
Missing character: There is no t in font nullfont!
Missing character: There is no r in font nullfont!
Missing character: There is no a in font nullfont!
Missing character: There is no n in font nullfont!
Missing character: There is no s in font nullfont!
Missing character: There is no a in font nullfont!
Missing character: There is no c in font nullfont!
Missing character: There is no t in font nullfont!
Missing character: There is no i in font nullfont!
Missing character: There is no o in font nullfont!
Missing character: There is no n in font nullfont!
Missing character: There is no c in font nullfont!
Missing character: There is no o in font nullfont!
Missing character: There is no s in font nullfont!
Missing character: There is no t in font nullfont!
Missing character: There is no s in font nullfont!
Missing character: There is no . in font nullfont!
Missing character: There is no T in font nullfont!
Missing character: There is no h in font nullfont!
Missing character: There is no e in font nullfont!
Missing character: There is no s in font nullfont!
Missing character: There is no e in font nullfont!
Missing character: There is no t in font nullfont!
Missing character: There is no r in font nullfont!
Missing character: There is no a in font nullfont!
Missing character: There is no n in font nullfont!
Missing character: There is no s in font nullfont!
Missing character: There is no a in font nullfont!
Missing character: There is no c in font nullfont!
Missing character: There is no t in font nullfont!
Missing character: There is no i in font nullfont!
Missing character: There is no o in font nullfont!
Missing character: There is no n in font nullfont!
Missing character: There is no c in font nullfont!
Missing character: There is no o in font nullfont!
Missing character: There is no s in font nullfont!
Missing character: There is no t in font nullfont!
Missing character: There is no a in font nullfont!
Missing character: There is no r in font nullfont!
Missing character: There is no e in font nullfont!
Missing character: There is no p in font nullfont!
Missing character: There is no r in font nullfont!
Missing character: There is no o in font nullfont!
Missing character: There is no p in font nullfont!
Missing character: There is no o in font nullfont!
Missing character: There is no r in font nullfont!
Missing character: There is no t in font nullfont!
Missing character: There is no i in font nullfont!
Missing character: There is no o in font nullfont!
Missing character: There is no n in font nullfont!
Missing character: There is no a in font nullfont!
Missing character: There is no l in font nullfont!
Missing character: There is no t in font nullfont!
Missing character: There is no o in font nullfont!
Missing character: There is no s in font nullfont!
Missing character: There is no i in font nullfont!
Missing character: There is no z in font nullfont!
Missing character: There is no e in font nullfont!
Missing character: There is no o in font nullfont!
Missing character: There is no f in font nullfont!
Missing character: There is no t in font nullfont!
Missing character: There is no h in font nullfont!
Missing character: There is no e in font nullfont!
Missing character: There is no d in font nullfont!
Missing character: There is no e in font nullfont!
Missing character: There is no a in font nullfont!
Missing character: There is no l in font nullfont!
Missing character: There is no a in font nullfont!
Missing character: There is no n in font nullfont!
Missing character: There is no d in font nullfont!
Missing character: There is no d in font nullfont!
Missing character: There is no o in font nullfont!
Missing character: There is no n in font nullfont!
Missing character: There is no o in font nullfont!
Missing character: There is no t in font nullfont!
Missing character: There is no d in font nullfont!
Missing character: There is no e in font nullfont!
Missing character: There is no p in font nullfont!
Missing character: There is no e in font nullfont!
Missing character: There is no n in font nullfont!
Missing character: There is no d in font nullfont!
Missing character: There is no o in font nullfont!
Missing character: There is no n in font nullfont!
Missing character: There is no w in font nullfont!
Missing character: There is no h in font nullfont!
Missing character: There is no e in font nullfont!
Missing character: There is no t in font nullfont!
Missing character: There is no h in font nullfont!
Missing character: There is no e in font nullfont!
Missing character: There is no r in font nullfont!
Missing character: There is no b in font nullfont!
Missing character: There is no u in font nullfont!
Missing character: There is no y in font nullfont!
Missing character: There is no s in font nullfont!
Missing character: There is no o in font nullfont!
Missing character: There is no r in font nullfont!
Missing character: There is no s in font nullfont!
Missing character: There is no e in font nullfont!
Missing character: There is no l in font nullfont!
Missing character: There is no l in font nullfont!
Missing character: There is no s in font nullfont!
Missing character: There is no a in font nullfont!
Missing character: There is no s in font nullfont!
Missing character: There is no s in font nullfont!
Missing character: There is no e in font nullfont!
Missing character: There is no t in font nullfont!
Missing character: There is no . in font nullfont!
Missing character: There is no S in font nullfont!
Missing character: There is no o in font nullfont!
Missing character: There is no i in font nullfont!
Missing character: There is no f in font nullfont!
Missing character: There is no i in font nullfont!
Missing character: There is no n in font nullfont!
Missing character: There is no v in font nullfont!
Missing character: There is no e in font nullfont!
Missing character: There is no s in font nullfont!
Missing character: There is no t in font nullfont!
Missing character: There is no o in font nullfont!
Missing character: There is no r in font nullfont!
Missing character: There is no b in font nullfont!
Missing character: There is no u in font nullfont!
Missing character: There is no y in font nullfont!
Missing character: There is no s in font nullfont!
Missing character: There is no ( in font nullfont!
Missing character: There is no o in font nullfont!
Missing character: There is no r in font nullfont!
Missing character: There is no s in font nullfont!
Missing character: There is no e in font nullfont!
Missing character: There is no l in font nullfont!
Missing character: There is no l in font nullfont!
Missing character: There is no s in font nullfont!
Missing character: There is no ) in font nullfont!
Missing character: There is no a in font nullfont!
Missing character: There is no m in font nullfont!
Missing character: There is no o in font nullfont!
Missing character: There is no u in font nullfont!
Missing character: There is no n in font nullfont!
Missing character: There is no t in font nullfont!
Missing character: There is no o in font nullfont!
Missing character: There is no f in font nullfont!
Missing character: There is no s in font nullfont!
Missing character: There is no t in font nullfont!
Missing character: There is no o in font nullfont!
Missing character: There is no c in font nullfont!
Missing character: There is no k in font nullfont!
Missing character: There is no s in font nullfont!
Missing character: There is no a in font nullfont!
Missing character: There is no t in font nullfont!
Missing character: There is no t in font nullfont!
Missing character: There is no i in font nullfont!
Missing character: There is no m in font nullfont!
Missing character: There is no e in font nullfont!
Missing character: There is no h in font nullfont!
Missing character: There is no e in font nullfont!
Missing character: There is no p in font nullfont!
Missing character: There is no a in font nullfont!
Missing character: There is no y in font nullfont!
Missing character: There is no s in font nullfont!
Missing character: There is no t in font nullfont!
Missing character: There is no r in font nullfont!
Missing character: There is no a in font nullfont!
Missing character: There is no n in font nullfont!
Missing character: There is no s in font nullfont!
Missing character: There is no a in font nullfont!
Missing character: There is no c in font nullfont!
Missing character: There is no t in font nullfont!
Missing character: There is no i in font nullfont!
Missing character: There is no o in font nullfont!
Missing character: There is no n in font nullfont!
Missing character: There is no c in font nullfont!
Missing character: There is no o in font nullfont!
Missing character: There is no s in font nullfont!
Missing character: There is no t in font nullfont!
Missing character: There is no s in font nullfont!
Missing character: There is no e in font nullfont!
Missing character: There is no q in font nullfont!
Missing character: There is no u in font nullfont!
Missing character: There is no a in font nullfont!
Missing character: There is no l in font nullfont!
Missing character: There is no s in font nullfont!
Missing character: There is no t in font nullfont!
Missing character: There is no o in font nullfont!

Overfull \hbox (12.96529pt too wide) in paragraph at lines 9--13
 $\OML/cmm/m/it/10 W[]$
 []


Overfull \hbox (21.94446pt too wide) in paragraph at lines 9--13
\OT1/cmr/m/n/10 \OML/cmm/m/it/10 N[]$
 []


Overfull \hbox (3.61111pt too wide) in paragraph at lines 9--13
\OML/cmm/m/it/10 t$
 []


Overfull \hbox (61.99542pt too wide) detected at line 13
\OML/cmm/m/it/10 C \OT1/cmr/m/n/10 = \OML/cmm/m/it/10 c S[]\OT1/cmr/m/n/10 \OM
L/cmm/m/it/10 N[] 
 []

Missing character: There is no . in font nullfont!

! LaTeX Error: Missing \begin{document}.

See the LaTeX manual or LaTeX Companion for explanation.
Type  H <return>  for immediate help.
 ...                                              
                                                  
l.15 B
      ecause every rebalancing the porfolio bears a transaction costs, it is...

You're in trouble here.  Try typing  <return>  to proceed.
If that doesn't work, type  X <return>  to quit.

Missing character: There is no B in font nullfont!
Missing character: There is no e in font nullfont!
Missing character: There is no c in font nullfont!
Missing character: There is no a in font nullfont!
Missing character: There is no u in font nullfont!
Missing character: There is no s in font nullfont!
Missing character: There is no e in font nullfont!
Missing character: There is no e in font nullfont!
Missing character: There is no v in font nullfont!
Missing character: There is no e in font nullfont!
Missing character: There is no r in font nullfont!
Missing character: There is no y in font nullfont!
Missing character: There is no r in font nullfont!
Missing character: There is no e in font nullfont!
Missing character: There is no b in font nullfont!
Missing character: There is no a in font nullfont!
Missing character: There is no l in font nullfont!
Missing character: There is no a in font nullfont!
Missing character: There is no n in font nullfont!
Missing character: There is no c in font nullfont!
Missing character: There is no i in font nullfont!
Missing character: There is no n in font nullfont!
Missing character: There is no g in font nullfont!
Missing character: There is no t in font nullfont!
Missing character: There is no h in font nullfont!
Missing character: There is no e in font nullfont!
Missing character: There is no p in font nullfont!
Missing character: There is no o in font nullfont!
Missing character: There is no r in font nullfont!
Missing character: There is no f in font nullfont!
Missing character: There is no o in font nullfont!
Missing character: There is no l in font nullfont!
Missing character: There is no i in font nullfont!
Missing character: There is no o in font nullfont!
Missing character: There is no b in font nullfont!
Missing character: There is no e in font nullfont!
Missing character: There is no a in font nullfont!
Missing character: There is no r in font nullfont!
Missing character: There is no s in font nullfont!
Missing character: There is no a in font nullfont!
Missing character: There is no t in font nullfont!
Missing character: There is no r in font nullfont!
Missing character: There is no a in font nullfont!
Missing character: There is no n in font nullfont!
Missing character: There is no s in font nullfont!
Missing character: There is no a in font nullfont!
Missing character: There is no c in font nullfont!
Missing character: There is no t in font nullfont!
Missing character: There is no i in font nullfont!
Missing character: There is no o in font nullfont!
Missing character: There is no n in font nullfont!
Missing character: There is no c in font nullfont!
Missing character: There is no o in font nullfont!
Missing character: There is no s in font nullfont!
Missing character: There is no t in font nullfont!
Missing character: There is no s in font nullfont!
Missing character: There is no , in font nullfont!
Missing character: There is no i in font nullfont!
Missing character: There is no t in font nullfont!
Missing character: There is no i in font nullfont!
Missing character: There is no s in font nullfont!
Missing character: There is no r in font nullfont!
Missing character: There is no e in font nullfont!
Missing character: There is no a in font nullfont!
Missing character: There is no s in font nullfont!
Missing character: There is no o in font nullfont!
Missing character: There is no n in font nullfont!
Missing character: There is no a in font nullfont!
Missing character: There is no b in font nullfont!
Missing character: There is no l in font nullfont!
Missing character: There is no e in font nullfont!
Missing character: There is no t in font nullfont!
Missing character: There is no o in font nullfont!
Missing character: There is no e in font nullfont!
Missing character: There is no x in font nullfont!
Missing character: There is no p in font nullfont!
Missing character: There is no e in font nullfont!
Missing character: There is no c in font nullfont!
Missing character: There is no t in font nullfont!
Missing character: There is no t in font nullfont!
Missing character: There is no h in font nullfont!
Missing character: There is no a in font nullfont!
Missing character: There is no t in font nullfont!
Missing character: There is no t in font nullfont!
Missing character: There is no h in font nullfont!
Missing character: There is no e in font nullfont!
Missing character: There is no i in font nullfont!
Missing character: There is no n in font nullfont!
Missing character: There is no v in font nullfont!
Missing character: There is no e in font nullfont!
Missing character: There is no s in font nullfont!
Missing character: There is no t in font nullfont!
Missing character: There is no o in font nullfont!
Missing character: There is no r in font nullfont!
Missing character: There is no w in font nullfont!
Missing character: There is no i in font nullfont!
Missing character: There is no l in font nullfont!
Missing character: There is no n in font nullfont!
Missing character: There is no o in font nullfont!
Missing character: There is no t in font nullfont!
Missing character: There is no t in font nullfont!
Missing character: There is no r in font nullfont!
Missing character: There is no a in font nullfont!
Missing character: There is no d in font nullfont!
Missing character: There is no e in font nullfont!
Missing character: There is no c in font nullfont!
Missing character: There is no o in font nullfont!
Missing character: There is no n in font nullfont!
Missing character: There is no t in font nullfont!
Missing character: There is no i in font nullfont!
Missing character: There is no n in font nullfont!
Missing character: There is no u in font nullfont!
Missing character: There is no o in font nullfont!
Missing character: There is no u in font nullfont!
Missing character: There is no s in font nullfont!
Missing character: There is no l in font nullfont!
Missing character: There is no y in font nullfont!
Missing character: There is no b in font nullfont!
Missing character: There is no u in font nullfont!
Missing character: There is no t in font nullfont!
Missing character: There is no i in font nullfont!
Missing character: There is no n in font nullfont!
Missing character: There is no d in font nullfont!
Missing character: There is no i in font nullfont!
Missing character: There is no s in font nullfont!
Missing character: There is no c in font nullfont!
Missing character: There is no r in font nullfont!
Missing character: There is no e in font nullfont!
Missing character: There is no t in font nullfont!
Missing character: There is no e in font nullfont!
Missing character: There is no t in font nullfont!
Missing character: There is no i in font nullfont!
Missing character: There is no m in font nullfont!
Missing character: There is no e in font nullfont!
Missing character: There is no i in font nullfont!
Missing character: There is no n in font nullfont!
Missing character: There is no s in font nullfont!
Missing character: There is no t in font nullfont!
Missing character: There is no a in font nullfont!
Missing character: There is no n in font nullfont!
Missing character: There is no c in font nullfont!
Missing character: There is no e in font nullfont!
Missing character: There is no s in font nullfont!
Missing character: There is no . in font nullfont!
Missing character: There is no T in font nullfont!
Missing character: There is no h in font nullfont!
Missing character: There is no u in font nullfont!
Missing character: There is no s in font nullfont!
Missing character: There is no w in font nullfont!
Missing character: There is no e in font nullfont!
Missing character: There is no r in font nullfont!
Missing character: There is no e in font nullfont!
Missing character: There is no s in font nullfont!
Missing character: There is no t in font nullfont!
Missing character: There is no r in font nullfont!
Missing character: There is no i in font nullfont!
Missing character: There is no c in font nullfont!
Missing character: There is no t in font nullfont!
Missing character: There is no p in font nullfont!
Missing character: There is no o in font nullfont!
Missing character: There is no s in font nullfont!
Missing character: There is no s in font nullfont!
Missing character: There is no i in font nullfont!
Missing character: There is no b in font nullfont!
Missing character: There is no l in font nullfont!
Missing character: There is no e in font nullfont!
Missing character: There is no s in font nullfont!
Missing character: There is no t in font nullfont!
Missing character: There is no r in font nullfont!
Missing character: There is no a in font nullfont!
Missing character: There is no t in font nullfont!
Missing character: There is no e in font nullfont!
Missing character: There is no g in font nullfont!
Missing character: There is no i in font nullfont!
Missing character: There is no e in font nullfont!
Missing character: There is no s in font nullfont!
Missing character: There is no t in font nullfont!
Missing character: There is no o in font nullfont!
Missing character: There is no p in font nullfont!
Missing character: There is no u in font nullfont!
Missing character: There is no r in font nullfont!
Missing character: There is no e in font nullfont!
Missing character: There is no i in font nullfont!
Missing character: There is no n in font nullfont!
Missing character: There is no p in font nullfont!
Missing character: There is no u in font nullfont!
Missing character: There is no l in font nullfont!
Missing character: There is no s in font nullfont!
Missing character: There is no e in font nullfont!
Missing character: There is no c in font nullfont!
Missing character: There is no o in font nullfont!
Missing character: There is no n in font nullfont!
Missing character: There is no t in font nullfont!
Missing character: There is no r in font nullfont!
Missing character: There is no o in font nullfont!
Missing character: There is no l in font nullfont!
Missing character: There is no . in font nullfont!
Missing character: There is no T in font nullfont!
Missing character: There is no h in font nullfont!
Missing character: There is no i in font nullfont!
Missing character: There is no s in font nullfont!
Missing character: There is no s in font nullfont!
Missing character: There is no t in font nullfont!
Missing character: There is no r in font nullfont!
Missing character: There is no a in font nullfont!
Missing character: There is no t in font nullfont!
Missing character: There is no e in font nullfont!
Missing character: There is no g in font nullfont!
Missing character: There is no y in font nullfont!
Missing character: There is no i in font nullfont!
Missing character: There is no s in font nullfont!
Missing character: There is no g in font nullfont!
Missing character: There is no i in font nullfont!
Missing character: There is no v in font nullfont!
Missing character: There is no e in font nullfont!
Missing character: There is no n in font nullfont!
Missing character: There is no b in font nullfont!
Missing character: There is no y in font nullfont!
Missing character: There is no c in font nullfont!
Missing character: There is no o in font nullfont!
Missing character: There is no u in font nullfont!
Missing character: There is no p in font nullfont!
Missing character: There is no l in font nullfont!
Missing character: There is no e in font nullfont!
Missing character: There is no , in font nullfont!
Missing character: There is no , in font nullfont!
Missing character: There is no w in font nullfont!
Missing character: There is no h in font nullfont!
Missing character: There is no e in font nullfont!
Missing character: There is no r in font nullfont!
Missing character: There is no e in font nullfont!

Overfull \hbox (20.0pt too wide) in paragraph at lines 15--16
[]
 []


Overfull \hbox (34.4688pt too wide) in paragraph at lines 15--16
\OT1/cmr/m/n/10 (\OML/cmm/m/it/10 []; N[]\OT1/cmr/m/n/10 )$
 []


Overfull \hbox (16.07635pt too wide) in paragraph at lines 15--16
\OML/cmm/m/it/10 k \OT1/cmr/m/n/10 =
 []


Overfull \hbox (30.55547pt too wide) in paragraph at lines 15--16
\OT1/cmr/m/n/10 1\OML/cmm/m/it/10 ; \OT1/cmr/m/n/10 2\OML/cmm/m/it/10 ; []$ 
 []


! LaTeX Error: Missing \begin{document}.

See the LaTeX manual or LaTeX Companion for explanation.
Type  H <return>  for immediate help.
 ...                                              
                                                  
l.17 \[
       \tau \text{ is } \mathcal{F}_t \text{ stopping time}\]
You're in trouble here.  Try typing  <return>  to proceed.
If that doesn't work, type  X <return>  to quit.

! Undefined control sequence.
l.17 \[\tau \text
                 { is } \mathcal{F}_t \text{ stopping time}\]
The control sequence at the end of the top line
of your error message was never \def'ed. If you have
misspelled it (e.g., `\hobx'), type `I' and the correct
spelling (e.g., `I\hbox'). Otherwise just continue,
and I'll forget about whatever was undefined.

! Undefined control sequence.
l.17 \[\tau \text{ is } \mathcal{F}_t \text
                                           { stopping time}\]
The control sequence at the end of the top line
of your error message was never \def'ed. If you have
misspelled it (e.g., `\hobx'), type `I' and the correct
spelling (e.g., `I\hbox'). Otherwise just continue,
and I'll forget about whatever was undefined.


Overfull \hbox (82.62135pt too wide) detected at line 17
\OML/cmm/m/it/10 []\OMS/cmsy/m/n/10 F[][]
 []

! Undefined control sequence.
l.18 \[ N_k \text
                 { is number of stocks} \]
The control sequence at the end of the top line
of your error message was never \def'ed. If you have
misspelled it (e.g., `\hobx'), type `I' and the correct
spelling (e.g., `I\hbox'). Otherwise just continue,
and I'll forget about whatever was undefined.


Overfull \hbox (93.8331pt too wide) detected at line 18
\OML/cmm/m/it/10 N[][]
 []


! LaTeX Error: Something's wrong--perhaps a missing \item.

See the LaTeX manual or LaTeX Companion for explanation.
Type  H <return>  for immediate help.
 ...                                              
                                                  
l.19 \end{enumerate}
                    
Try typing  <return>  to proceed.
If that doesn't work, type  X <return>  to quit.


Overfull \hbox (20.0pt too wide) in paragraph at lines 21--21
[][] 
 []


Overfull \hbox (138.4418pt too wide) detected at line 21
\OML/cmm/m/it/10 N[] S[] \OMS/cmsy/m/n/10  \OT1/cmr/m/n/10 (\OML/cmm/m/it/10 N
[] \OMS/cmsy/m/n/10   \OML/cmm/m/it/10 N[]\OT1/cmr/m/n/10 ) = \OML/cmm/m/it/10 
N[] \OMS/cmsy/m/n/10  \OML/cmm/m/it/10 S[]
 []


Overfull \hbox (48.75728pt too wide) detected at line 22
\OML/cmm/m/it/10 N[] \OMS/cmsy/m/n/10  \OML/cmm/m/it/10 S[] > \OT1/cmr/m/n/10 
0
 []

Missing character: There is no D in font nullfont!
Missing character: There is no e in font nullfont!
Missing character: There is no f in font nullfont!
Missing character: There is no i in font nullfont!
Missing character: There is no n in font nullfont!
Missing character: There is no e in font nullfont!
Missing character: There is no p in font nullfont!
Missing character: There is no r in font nullfont!
Missing character: There is no o in font nullfont!
Missing character: There is no c in font nullfont!
Missing character: There is no c in font nullfont!
Missing character: There is no e in font nullfont!
Missing character: There is no s in font nullfont!

Overfull \hbox (20.0pt too wide) in paragraph at lines 24--25
[]
 []


Overfull \hbox (80.441pt too wide) detected at line 25
\OML/cmm/m/it/10 N[] \OT1/cmr/m/n/10 := \OML/cmm/m/it/10 N[] \OT1/cmr/m/n/10 [\
OML/cmm/m/it/10 []; []\OT1/cmr/m/n/10 )
 []

Missing character: There is no a in font nullfont!
Missing character: There is no b in font nullfont!
Missing character: There is no u in font nullfont!
Missing character: There is no s in font nullfont!
Missing character: There is no e in font nullfont!
Missing character: There is no o in font nullfont!
Missing character: There is no f in font nullfont!
Missing character: There is no l in font nullfont!
Missing character: There is no a in font nullfont!
Missing character: There is no n in font nullfont!
Missing character: There is no g in font nullfont!
Missing character: There is no u in font nullfont!
Missing character: There is no a in font nullfont!
Missing character: There is no g in font nullfont!
Missing character: There is no e in font nullfont!
Missing character: There is no . in font nullfont!
Missing character: There is no V in font nullfont!
Missing character: There is no a in font nullfont!
Missing character: There is no l in font nullfont!
Missing character: There is no u in font nullfont!
Missing character: There is no e in font nullfont!
Missing character: There is no p in font nullfont!
Missing character: There is no r in font nullfont!
Missing character: There is no o in font nullfont!
Missing character: There is no c in font nullfont!
Missing character: There is no e in font nullfont!
Missing character: There is no s in font nullfont!
Missing character: There is no s in font nullfont!

Overfull \hbox (46.67352pt too wide) detected at line 29
\OML/cmm/m/it/10 V[] \OT1/cmr/m/n/10 = \OML/cmm/m/it/10 S[] \OMS/cmsy/m/n/10  
\OML/cmm/m/it/10 N[]
 []

Missing character: There is no I in font nullfont!
Missing character: There is no f in font nullfont!
Missing character: There is no d in font nullfont!
Missing character: There is no o in font nullfont!
Missing character: There is no n in font nullfont!
Missing character: There is no o in font nullfont!
Missing character: There is no t in font nullfont!
Missing character: There is no t in font nullfont!
Missing character: There is no r in font nullfont!
Missing character: There is no a in font nullfont!
Missing character: There is no d in font nullfont!
Missing character: There is no e in font nullfont!

! LaTeX Error: Environment align* undefined.

See the LaTeX manual or LaTeX Companion for explanation.
Type  H <return>  for immediate help.
 ...                                              
                                                  
l.32 \begin{align*}
                   
Your command was ignored.
Type  I <command> <return>  to replace it with another command,
or  <return>  to continue without it.


! LaTeX Error: \mathrm allowed only in math mode.

See the LaTeX manual or LaTeX Companion for explanation.
Type  H <return>  for immediate help.
 ...                                              
                                                  
l.33 \mathrm
            {d}V_t &=N_t^0\,\mathrm{d}S_t^0+N_t^1\mathrm{d}S_t^1\\
You're in trouble here.  Try typing  <return>  to proceed.
If that doesn't work, type  X <return>  to quit.

Missing character: There is no d in font nullfont!
Missing character: There is no V in font nullfont!
! Missing $ inserted.
<inserted text> 
                $
l.33 \mathrm{d}V_
                 t &=N_t^0\,\mathrm{d}S_t^0+N_t^1\mathrm{d}S_t^1\\
I've inserted a begin-math/end-math symbol since I think
you left one out. Proceed, with fingers crossed.

! Misplaced alignment tab character &.
l.33 \mathrm{d}V_t &
                    =N_t^0\,\mathrm{d}S_t^0+N_t^1\mathrm{d}S_t^1\\
I can't figure out why you would want to use a tab mark
here. If you just want an ampersand, the remedy is
simple: Just type `I\&' now. But if some right brace
up above has ended a previous alignment prematurely,
you're probably due for more error messages, and you
might try typing `S' now just to see what is salvageable.

! Misplaced alignment tab character &.
<recently read> &
                 
l.34 &
      =N_t^0\,r\,S_t^0\mathrm{d}t + N_t^1(\,\mu\,S_t^1\mathrm{d}t + \sigma\,...
I can't figure out why you would want to use a tab mark
here. If you just want an ampersand, the remedy is
simple: Just type `I\&' now. But if some right brace
up above has ended a previous alignment prematurely,
you're probably due for more error messages, and you
might try typing `S' now just to see what is salvageable.

! Misplaced alignment tab character &.
<recently read> &
                 
l.35 &
      =r \,V_t\,\frac{N^0_t\,S_t^0}{N_t^0\,S_t^0 + N_t^1\,S_t^1}\,\mathrm{d}...
I can't figure out why you would want to use a tab mark
here. If you just want an ampersand, the remedy is
simple: Just type `I\&' now. But if some right brace
up above has ended a previous alignment prematurely,
you're probably due for more error messages, and you
might try typing `S' now just to see what is salvageable.


! LaTeX Error: \begin{document} ended by \end{align*}.

See the LaTeX manual or LaTeX Companion for explanation.
Type  H <return>  for immediate help.
 ...                                              
                                                  
l.37 \end{align*}
                 
Your command was ignored.
Type  I <command> <return>  to replace it with another command,
or  <return>  to continue without it.

! Missing $ inserted.
<inserted text> 
                $
l.37 \end{align*}
                 
I've inserted something that you may have forgotten.
(See the <inserted text> above.)
With luck, this will get me unwedged. But if you
really didn't forget anything, try typing `2' now; then
my insertion and my current dilemma will both disappear.


Overfull \hbox (34.07635pt too wide) in paragraph at lines 33--38
[]$[] \OT1/cmr/m/n/10 =
 []


Overfull \hbox (39.80554pt too wide) in paragraph at lines 33--38
\OML/cmm/m/it/10 N[] \OT1/cmr/m/n/10 d\OML/cmm/m/it/10 S[] \OT1/cmr/m/n/10 +
 []


Overfull \hbox (30.36111pt too wide) in paragraph at lines 33--38
\OML/cmm/m/it/10 N[]\OT1/cmr/m/n/10 d\OML/cmm/m/it/10 S[][] 
 []


Overfull \hbox (7.7778pt too wide) in paragraph at lines 33--38
\OT1/cmr/m/n/10 =
 []


Overfull \hbox (49.87265pt too wide) in paragraph at lines 33--38
\OML/cmm/m/it/10 N[] r S[]\OT1/cmr/m/n/10 d\OML/cmm/m/it/10 t \OT1/cmr/m/n/10 +

 []


Overfull \hbox (54.99767pt too wide) in paragraph at lines 33--38
\OML/cmm/m/it/10 N[]\OT1/cmr/m/n/10 ( \OML/cmm/m/it/10  S[]\OT1/cmr/m/n/10 d\O
ML/cmm/m/it/10 t \OT1/cmr/m/n/10 +
 []


Overfull \hbox (63.07745pt too wide) in paragraph at lines 33--38
\OML/cmm/m/it/10  N[] r S[]\OT1/cmr/m/n/10 d\OML/cmm/m/it/10 W[]\OT1/cmr/m/n/1
0 )[] 
 []


Overfull \hbox (7.7778pt too wide) in paragraph at lines 33--38
\OT1/cmr/m/n/10 =
 []


Overfull \hbox (87.72523pt too wide) in paragraph at lines 33--38
\OML/cmm/m/it/10 r V[] [] \OT1/cmr/m/n/10 d\OML/cmm/m/it/10 t \OT1/cmr/m/n/10 +

 []


Overfull \hbox (88.96135pt too wide) in paragraph at lines 33--38
\OML/cmm/m/it/10  V[] [] \OT1/cmr/m/n/10 d\OML/cmm/m/it/10 t \OT1/cmr/m/n/10 +

 []


Overfull \hbox (90.58514pt too wide) in paragraph at lines 33--38
\OML/cmm/m/it/10  V[] [] \OT1/cmr/m/n/10 d\OML/cmm/m/it/10 W[]$ 
 []

Missing character: There is no D in font nullfont!
Missing character: There is no e in font nullfont!
Missing character: There is no f in font nullfont!
Missing character: There is no i in font nullfont!
Missing character: There is no n in font nullfont!
Missing character: There is no e in font nullfont!

Overfull \hbox (20.0pt too wide) in paragraph at lines 39--40
[] 
 []


Overfull \hbox (92.28302pt too wide) detected at line 40
\OML/cmm/m/it/10 G[] \OT1/cmr/m/n/10 = []
 []

Missing character: There is no G in font nullfont!
Missing character: There is no a in font nullfont!
Missing character: There is no i in font nullfont!
Missing character: There is no n in font nullfont!

Overfull \hbox (20.0pt too wide) in paragraph at lines 43--43
[][] 
 []


Overfull \hbox (146.10757pt too wide) detected at line 43
[] \OT1/cmr/m/n/10 = [\OML/cmm/m/it/10 r \OT1/cmr/m/n/10 + (\OML/cmm/m/it/10  
\OMS/cmsy/m/n/10   \OML/cmm/m/it/10 r\OT1/cmr/m/n/10 ) \OML/cmm/m/it/10 G[]\OT1
/cmr/m/n/10 ] d\OML/cmm/m/it/10 t \OT1/cmr/m/n/10 + \OML/cmm/m/it/10  G[] \OT1
/cmr/m/n/10 d\OML/cmm/m/it/10 W[]
 []

Missing character: There is no I in font nullfont!
Missing character: There is no t in font nullfont!
Missing character: There is no o in font nullfont!
Missing character: There is no l in font nullfont!
Missing character: There is no e in font nullfont!
Missing character: There is no m in font nullfont!
Missing character: There is no m in font nullfont!
Missing character: There is no a in font nullfont!

! LaTeX Error: Environment equation* undefined.

See the LaTeX manual or LaTeX Companion for explanation.
Type  H <return>  for immediate help.
 ...                                              
                                                  
l.46 \begin{equation*}
                      
Your command was ignored.
Type  I <command> <return>  to replace it with another command,
or  <return>  to continue without it.


! LaTeX Error: \mathrm allowed only in math mode.

See the LaTeX manual or LaTeX Companion for explanation.
Type  H <return>  for immediate help.
 ...                                              
                                                  
l.47 \mathrm
            {d}\ln V_t =\frac{\mathrm{d}V_t}{V_t}-\frac{(\mathrm{d}V_t)^2}{2...

You're in trouble here.  Try typing  <return>  to proceed.
If that doesn't work, type  X <return>  to quit.

Missing character: There is no d in font nullfont!
! Missing $ inserted.
<inserted text> 
                $
l.47 \mathrm{d}\ln
                   V_t =\frac{\mathrm{d}V_t}{V_t}-\frac{(\mathrm{d}V_t)^2}{2...
I've inserted a begin-math/end-math symbol since I think
you left one out. Proceed, with fingers crossed.

! Undefined control sequence.
l.47 ...d}V_t)^2}{2\,V_t^2}=[r+(\mu-r)\,G_t-\tfrac
                                                  {1}{2}\sigma^2\,G_t^2 ]\,\...
The control sequence at the end of the top line
of your error message was never \def'ed. If you have
misspelled it (e.g., `\hobx'), type `I' and the correct
spelling (e.g., `I\hbox'). Otherwise just continue,
and I'll forget about whatever was undefined.


! LaTeX Error: \begin{document} ended by \end{equation*}.

See the LaTeX manual or LaTeX Companion for explanation.
Type  H <return>  for immediate help.
 ...                                              
                                                  
l.48 \end{equation*}
                    
Your command was ignored.
Type  I <command> <return>  to replace it with another command,
or  <return>  to continue without it.

! Missing $ inserted.
<inserted text> 
                $
l.48 \end{equation*}
                    
I've inserted something that you may have forgotten.
(See the <inserted text> above.)
With luck, this will get me unwedged. But if you
really didn't forget anything, try typing `2' now; then
my insertion and my current dilemma will both disappear.


Overfull \hbox (49.90967pt too wide) in paragraph at lines 47--49
[]$[] \OML/cmm/m/it/10 V[] \OT1/cmr/m/n/10 =
 []


Overfull \hbox (22.63504pt too wide) in paragraph at lines 47--49
[] \OMS/cmsy/m/n/10  
 []


Overfull \hbox (35.56561pt too wide) in paragraph at lines 47--49
[] \OT1/cmr/m/n/10 =
 []


Overfull \hbox (15.34496pt too wide) in paragraph at lines 47--49
\OT1/cmr/m/n/10 [\OML/cmm/m/it/10 r \OT1/cmr/m/n/10 +
 []


Overfull \hbox (17.69218pt too wide) in paragraph at lines 47--49
\OT1/cmr/m/n/10 (\OML/cmm/m/it/10  \OMS/cmsy/m/n/10  
 []


Overfull \hbox (29.50603pt too wide) in paragraph at lines 47--49
\OML/cmm/m/it/10 r\OT1/cmr/m/n/10 ) \OML/cmm/m/it/10 G[] \OMS/cmsy/m/n/10  
 []


Overfull \hbox (55.96321pt too wide) in paragraph at lines 47--49
\OT1/cmr/m/n/10 12\OML/cmm/m/it/10 [] G[]\OT1/cmr/m/n/10 ] d\OML/cmm/m/it/10 t
 \OT1/cmr/m/n/10 +
 []


Overfull \hbox (39.31035pt too wide) in paragraph at lines 47--49
\OML/cmm/m/it/10  G[] \OT1/cmr/m/n/10 d\OML/cmm/m/it/10 W[]$ 
 []


! LaTeX Error: Environment equation* undefined.

See the LaTeX manual or LaTeX Companion for explanation.
Type  H <return>  for immediate help.
 ...                                              
                                                  
l.50 \begin{equation*}
                      
Your command was ignored.
Type  I <command> <return>  to replace it with another command,
or  <return>  to continue without it.

Missing character: There is no V in font nullfont!
! Missing $ inserted.
<inserted text> 
                $
l.51 V_
       t\,\mathrm{d} V_t^{-1} = -\frac{\mathrm{d}V_t}{V_t}+\frac{(\mathrm{d}...
I've inserted a begin-math/end-math symbol since I think
you left one out. Proceed, with fingers crossed.


! LaTeX Error: \begin{document} ended by \end{equation*}.

See the LaTeX manual or LaTeX Companion for explanation.
Type  H <return>  for immediate help.
 ...                                              
                                                  
l.52 \end{equation*}
                    
Your command was ignored.
Type  I <command> <return>  to replace it with another command,
or  <return>  to continue without it.

! Missing $ inserted.
<inserted text> 
                $
l.52 \end{equation*}
                    
I've inserted something that you may have forgotten.
(See the <inserted text> above.)
With luck, this will get me unwedged. But if you
really didn't forget anything, try typing `2' now; then
my insertion and my current dilemma will both disappear.

Missing character: There is no R in font nullfont!
Missing character: There is no e in font nullfont!
Missing character: There is no a in font nullfont!
Missing character: There is no l in font nullfont!
Missing character: There is no i in font nullfont!
Missing character: There is no z in font nullfont!
Missing character: There is no e in font nullfont!
Missing character: There is no t in font nullfont!
Missing character: There is no h in font nullfont!
Missing character: There is no a in font nullfont!
Missing character: There is no t in font nullfont!

! LaTeX Error: Environment align* undefined.

See the LaTeX manual or LaTeX Companion for explanation.
Type  H <return>  for immediate help.
 ...                                              
                                                  
l.54 \begin{align*}
                   
Your command was ignored.
Type  I <command> <return>  to replace it with another command,
or  <return>  to continue without it.


! LaTeX Error: \mathrm allowed only in math mode.

See the LaTeX manual or LaTeX Companion for explanation.
Type  H <return>  for immediate help.
 ...                                              
                                                  
l.55 \mathrm
            {d} G_t&=N_t^1\,V_t^{-1}\,\mathrm{d}S_t^1+N_t^1\,S_t^1\,\mathrm{...

You're in trouble here.  Try typing  <return>  to proceed.
If that doesn't work, type  X <return>  to quit.

Missing character: There is no d in font nullfont!
Missing character: There is no G in font nullfont!
! Missing $ inserted.
<inserted text> 
                $
l.55 \mathrm{d} G_
                  t&=N_t^1\,V_t^{-1}\,\mathrm{d}S_t^1+N_t^1\,S_t^1\,\mathrm{...
I've inserted a begin-math/end-math symbol since I think
you left one out. Proceed, with fingers crossed.

! Misplaced alignment tab character &.
l.55 \mathrm{d} G_t&
                    =N_t^1\,V_t^{-1}\,\mathrm{d}S_t^1+N_t^1\,S_t^1\,\mathrm{...
I can't figure out why you would want to use a tab mark
here. If you just want an ampersand, the remedy is
simple: Just type `I\&' now. But if some right brace
up above has ended a previous alignment prematurely,
you're probably due for more error messages, and you
might try typing `S' now just to see what is salvageable.

! Misplaced alignment tab character &.
<recently read> &
                 
l.56 &
      =N_t^1\,V_t^{-1}\,(\mu\,S_t^1\,\mathrm{d}t+\sigma\,S+t^1 \mathrm{d}W_t...
I can't figure out why you would want to use a tab mark
here. If you just want an ampersand, the remedy is
simple: Just type `I\&' now. But if some right brace
up above has ended a previous alignment prematurely,
you're probably due for more error messages, and you
might try typing `S' now just to see what is salvageable.

! Misplaced alignment tab character &.
<recently read> &
                 
l.57 &
      \quad -N_t^1\,V_t^{-1}\,\sigma^2\,G_t\,S_t^1\,\mathrm{d}t  \\
I can't figure out why you would want to use a tab mark
here. If you just want an ampersand, the remedy is
simple: Just type `I\&' now. But if some right brace
up above has ended a previous alignment prematurely,
you're probably due for more error messages, and you
might try typing `S' now just to see what is salvageable.

! Misplaced alignment tab character &.
<recently read> &
                 
l.58 &
      =G_t(\mu\mathrm{d}t+\sigma\mathrm{d}W_t)+G_t[(-r-(\mu-r)\,G_t+\sigma^2...
I can't figure out why you would want to use a tab mark
here. If you just want an ampersand, the remedy is
simple: Just type `I\&' now. But if some right brace
up above has ended a previous alignment prematurely,
you're probably due for more error messages, and you
might try typing `S' now just to see what is salvageable.

! Misplaced alignment tab character &.
<recently read> &
                 
l.59 &
      =G_t(\mu-r-(\mu-r)\,G_t-\sigma^2\,G_t^2-\sigma^2\,G_t)\,\mathrm{d}t + ...
I can't figure out why you would want to use a tab mark
here. If you just want an ampersand, the remedy is
simple: Just type `I\&' now. But if some right brace
up above has ended a previous alignment prematurely,
you're probably due for more error messages, and you
might try typing `S' now just to see what is salvageable.

! Misplaced alignment tab character &.
<recently read> &
                 
l.60 &
      =G_t\,(1-G_t)[(\mu-r-\sigma^2\,G_t)\,\mathrm{d}t + \sigma\,\mathrm{d}W_t]
I can't figure out why you would want to use a tab mark
here. If you just want an ampersand, the remedy is
simple: Just type `I\&' now. But if some right brace
up above has ended a previous alignment prematurely,
you're probably due for more error messages, and you
might try typing `S' now just to see what is salvageable.


! LaTeX Error: \begin{document} ended by \end{align*}.

See the LaTeX manual or LaTeX Companion for explanation.
Type  H <return>  for immediate help.
 ...                                              
                                                  
l.61 \end{align*}
                 
Your command was ignored.
Type  I <command> <return>  to replace it with another command,
or  <return>  to continue without it.

! Missing $ inserted.
<inserted text> 
                $
l.61 \end{align*}
                 
I've inserted something that you may have forgotten.
(See the <inserted text> above.)
With luck, this will get me unwedged. But if you
really didn't forget anything, try typing `2' now; then
my insertion and my current dilemma will both disappear.


Overfull \hbox (60.09026pt too wide) in paragraph at lines 51--62
[]$[] \OT1/cmr/m/n/10 d\OML/cmm/m/it/10 V[] \OT1/cmr/m/n/10 =
 []


Overfull \hbox (30.41284pt too wide) in paragraph at lines 51--62
\OMS/cmsy/m/n/10  [] \OT1/cmr/m/n/10 +
 []


Overfull \hbox (35.56561pt too wide) in paragraph at lines 51--62
[] \OT1/cmr/m/n/10 =
 []


Overfull \hbox (23.12276pt too wide) in paragraph at lines 51--62
\OT1/cmr/m/n/10 [\OMS/cmsy/m/n/10  \OML/cmm/m/it/10 r \OMS/cmsy/m/n/10  
 []


Overfull \hbox (17.69218pt too wide) in paragraph at lines 51--62
\OT1/cmr/m/n/10 (\OML/cmm/m/it/10  \OMS/cmsy/m/n/10  
 []


Overfull \hbox (29.50603pt too wide) in paragraph at lines 51--62
\OML/cmm/m/it/10 r\OT1/cmr/m/n/10 ) \OML/cmm/m/it/10 G[] \OT1/cmr/m/n/10 +
 []


Overfull \hbox (45.96318pt too wide) in paragraph at lines 51--62
\OML/cmm/m/it/10 [] G[]\OT1/cmr/m/n/10 ] d\OML/cmm/m/it/10 t \OMS/cmsy/m/n/10 
 
 []


Overfull \hbox (39.31035pt too wide) in paragraph at lines 51--62
\OML/cmm/m/it/10  G[] \OT1/cmr/m/n/10 d\OML/cmm/m/it/10 W[]$
 []


Overfull \hbox (21.93884pt too wide) in paragraph at lines 51--62
\OML/cmm/m/it/10 G[] \OT1/cmr/m/n/10 =
 []


Overfull \hbox (46.9305pt too wide) in paragraph at lines 51--62
\OML/cmm/m/it/10 N[] S[] V[]$
 []


Overfull \hbox (14.07635pt too wide) in paragraph at lines 51--62
[] \OT1/cmr/m/n/10 =
 []


Overfull \hbox (60.26387pt too wide) in paragraph at lines 51--62
\OML/cmm/m/it/10 N[] V[] \OT1/cmr/m/n/10 d\OML/cmm/m/it/10 S[] \OT1/cmr/m/n/10 
+
 []


Overfull \hbox (60.26387pt too wide) in paragraph at lines 51--62
\OML/cmm/m/it/10 N[] S[] \OT1/cmr/m/n/10 d\OML/cmm/m/it/10 V[] \OT1/cmr/m/n/10 
+
 []


Overfull \hbox (73.59724pt too wide) in paragraph at lines 51--62
\OML/cmm/m/it/10 N[] \OT1/cmr/m/n/10 (d\OML/cmm/m/it/10 S[]\OT1/cmr/m/n/10 ) (d
\OML/cmm/m/it/10 V[]\OT1/cmr/m/n/10 )[] 
 []


Overfull \hbox (7.7778pt too wide) in paragraph at lines 51--62
\OT1/cmr/m/n/10 =
 []


Overfull \hbox (77.12262pt too wide) in paragraph at lines 51--62
\OML/cmm/m/it/10 N[] V[] \OT1/cmr/m/n/10 (\OML/cmm/m/it/10  S[] \OT1/cmr/m/n/1
0 d\OML/cmm/m/it/10 t \OT1/cmr/m/n/10 +
 []


Overfull \hbox (22.22565pt too wide) in paragraph at lines 51--62
\OML/cmm/m/it/10  S \OT1/cmr/m/n/10 +
 []


Overfull \hbox (38.2848pt too wide) in paragraph at lines 51--62
\OML/cmm/m/it/10 t[]\OT1/cmr/m/n/10 d\OML/cmm/m/it/10 W[]\OT1/cmr/m/n/10 ) +
 []


Overfull \hbox (83.85654pt too wide) in paragraph at lines 51--62
\OML/cmm/m/it/10 N[] S[] V[]\OT1/cmr/m/n/10 [(\OMS/cmsy/m/n/10  \OML/cmm/m/it/1
0 r\OT1/cmr/m/n/10 (\OML/cmm/m/it/10  \OMS/cmsy/m/n/10  
 []


Overfull \hbox (29.50603pt too wide) in paragraph at lines 51--62
\OML/cmm/m/it/10 r\OT1/cmr/m/n/10 ) \OML/cmm/m/it/10 G[] \OT1/cmr/m/n/10 +
 []


Overfull \hbox (45.40767pt too wide) in paragraph at lines 51--62
\OML/cmm/m/it/10 [] G[]\OT1/cmr/m/n/10 )d\OML/cmm/m/it/10 t \OMS/cmsy/m/n/10  

 []


Overfull \hbox (46.57426pt too wide) in paragraph at lines 51--62
\OML/cmm/m/it/10 [] G[] \OT1/cmr/m/n/10 d\OML/cmm/m/it/10 W[]\OT1/cmr/m/n/10 ]
[] 
 []


Overfull \hbox (7.7778pt too wide) in paragraph at lines 51--62
\OMS/cmsy/m/n/10  
 []


Overfull \hbox (83.03943pt too wide) in paragraph at lines 51--62
\OML/cmm/m/it/10 N[] V[] [] G[] S[] \OT1/cmr/m/n/10 d\OML/cmm/m/it/10 t[] 
 []


Overfull \hbox (7.7778pt too wide) in paragraph at lines 51--62
\OT1/cmr/m/n/10 =
 []


Overfull \hbox (38.2422pt too wide) in paragraph at lines 51--62
\OML/cmm/m/it/10 G[]\OT1/cmr/m/n/10 (\OML/cmm/m/it/10 \OT1/cmr/m/n/10 d\OML/cm
m/m/it/10 t \OT1/cmr/m/n/10 +
 []


Overfull \hbox (36.26047pt too wide) in paragraph at lines 51--62
\OML/cmm/m/it/10 \OT1/cmr/m/n/10 d\OML/cmm/m/it/10 W[]\OT1/cmr/m/n/10 ) +
 []


Overfull \hbox (38.39499pt too wide) in paragraph at lines 51--62
\OML/cmm/m/it/10 G[]\OT1/cmr/m/n/10 [(\OMS/cmsy/m/n/10  \OML/cmm/m/it/10 r \OMS
/cmsy/m/n/10  
 []


Overfull \hbox (17.69218pt too wide) in paragraph at lines 51--62
\OT1/cmr/m/n/10 (\OML/cmm/m/it/10  \OMS/cmsy/m/n/10  
 []


Overfull \hbox (29.50603pt too wide) in paragraph at lines 51--62
\OML/cmm/m/it/10 r\OT1/cmr/m/n/10 ) \OML/cmm/m/it/10 G[] \OT1/cmr/m/n/10 +
 []


Overfull \hbox (47.0743pt too wide) in paragraph at lines 51--62
\OML/cmm/m/it/10 [] G[]\OT1/cmr/m/n/10 ) d\OML/cmm/m/it/10 t \OMS/cmsy/m/n/10 
 
 []


Overfull \hbox (49.86594pt too wide) in paragraph at lines 51--62
\OML/cmm/m/it/10  G[] \OT1/cmr/m/n/10 d\OML/cmm/m/it/10 W[]\OT1/cmr/m/n/10 ] \
OMS/cmsy/m/n/10  
 []


Overfull \hbox (35.4076pt too wide) in paragraph at lines 51--62
\OML/cmm/m/it/10 [] G[] \OT1/cmr/m/n/10 d\OML/cmm/m/it/10 t[] 
 []


Overfull \hbox (7.7778pt too wide) in paragraph at lines 51--62
\OT1/cmr/m/n/10 =
 []


Overfull \hbox (29.07552pt too wide) in paragraph at lines 51--62
\OML/cmm/m/it/10 G[]\OT1/cmr/m/n/10 (\OML/cmm/m/it/10  \OMS/cmsy/m/n/10  
 []


Overfull \hbox (12.56717pt too wide) in paragraph at lines 51--62
\OML/cmm/m/it/10 r \OMS/cmsy/m/n/10  
 []


Overfull \hbox (17.69218pt too wide) in paragraph at lines 51--62
\OT1/cmr/m/n/10 (\OML/cmm/m/it/10  \OMS/cmsy/m/n/10  
 []


Overfull \hbox (29.50603pt too wide) in paragraph at lines 51--62
\OML/cmm/m/it/10 r\OT1/cmr/m/n/10 ) \OML/cmm/m/it/10 G[] \OMS/cmsy/m/n/10  
 []


Overfull \hbox (32.35208pt too wide) in paragraph at lines 51--62
\OML/cmm/m/it/10 [] G[] \OMS/cmsy/m/n/10  
 []


Overfull \hbox (46.10901pt too wide) in paragraph at lines 51--62
\OML/cmm/m/it/10 [] G[]\OT1/cmr/m/n/10 ) d\OML/cmm/m/it/10 t \OT1/cmr/m/n/10 +

 []


Overfull \hbox (30.78957pt too wide) in paragraph at lines 51--62
\OML/cmm/m/it/10 G[] \OT1/cmr/m/n/10 (\OML/cmm/m/it/10  \OMS/cmsy/m/n/10  
 []


Overfull \hbox (43.19925pt too wide) in paragraph at lines 51--62
\OML/cmm/m/it/10  G[]\OT1/cmr/m/n/10 ) d\OML/cmm/m/it/10 W[][] 
 []


Overfull \hbox (7.7778pt too wide) in paragraph at lines 51--62
\OT1/cmr/m/n/10 =
 []


Overfull \hbox (29.71667pt too wide) in paragraph at lines 51--62
\OML/cmm/m/it/10 G[] \OT1/cmr/m/n/10 (1 \OMS/cmsy/m/n/10  
 []


Overfull \hbox (35.7422pt too wide) in paragraph at lines 51--62
\OML/cmm/m/it/10 G[]\OT1/cmr/m/n/10 )[(\OML/cmm/m/it/10  \OMS/cmsy/m/n/10  
 []


Overfull \hbox (12.56717pt too wide) in paragraph at lines 51--62
\OML/cmm/m/it/10 r \OMS/cmsy/m/n/10  
 []


Overfull \hbox (46.10901pt too wide) in paragraph at lines 51--62
\OML/cmm/m/it/10 [] G[]\OT1/cmr/m/n/10 ) d\OML/cmm/m/it/10 t \OT1/cmr/m/n/10 +

 []


Overfull \hbox (29.03818pt too wide) in paragraph at lines 51--62
\OML/cmm/m/it/10  \OT1/cmr/m/n/10 d\OML/cmm/m/it/10 W[]\OT1/cmr/m/n/10 ]$ 
 []


Overfull \hbox (20.0pt too wide) in paragraph at lines 63--63
[][] 
 []


Overfull \hbox (164.64328pt too wide) detected at line 63
\OT1/cmr/m/n/10  [] \OML/cmm/m/it/10 V[] \OT1/cmr/m/n/10 = [] [] = [](1 \OMS/c
msy/m/n/10   \OML/cmm/m/it/10 c \OMS/cmsy/m/n/10 jj\OT1/cmr/m/n/10 \OML/cmm/m/
it/10 G[]\OMS/cmsy/m/n/10 j\OT1/cmr/m/n/10 )
 []


Overfull \hbox (20.0pt too wide) in paragraph at lines 65--65
[][] 
 []

! Undefined control sequence.
l.65 \[\ln V_{\tau_k}=(r+(\mu-r)\,G_t-\tfrac
                                            {1}{2}\sigma^2\,G_t^2)\,\mathrm{...
The control sequence at the end of the top line
of your error message was never \def'ed. If you have
misspelled it (e.g., `\hobx'), type `I' and the correct
spelling (e.g., `I\hbox'). Otherwise just continue,
and I'll forget about whatever was undefined.

! Undefined control sequence.
l.65 ...\,\mathrm{d}W_t+\sum_{k=0}^{\infty}\mathbb
                                                  {I}_{[\tau_k\leq t]} \ln(1...
The control sequence at the end of the top line
of your error message was never \def'ed. If you have
misspelled it (e.g., `\hobx'), type `I' and the correct
spelling (e.g., `I\hbox'). Otherwise just continue,
and I'll forget about whatever was undefined.


Overfull \hbox (315.36914pt too wide) detected at line 65
[] \OML/cmm/m/it/10 V[] \OT1/cmr/m/n/10 = (\OML/cmm/m/it/10 r \OT1/cmr/m/n/10 +
 (\OML/cmm/m/it/10  \OMS/cmsy/m/n/10   \OML/cmm/m/it/10 r\OT1/cmr/m/n/10 ) \OM
L/cmm/m/it/10 G[] \OMS/cmsy/m/n/10   \OT1/cmr/m/n/10 12\OML/cmm/m/it/10 [] G[]
\OT1/cmr/m/n/10 ) d\OML/cmm/m/it/10 t \OT1/cmr/m/n/10 + \OML/cmm/m/it/10  G[] 
\OT1/cmr/m/n/10 d\OML/cmm/m/it/10 W[] \OT1/cmr/m/n/10 + [] \OML/cmm/m/it/10 I[]
 []\OT1/cmr/m/n/10 (1 \OMS/cmsy/m/n/10   \OML/cmm/m/it/10 c \OMS/cmsy/m/n/10 j\
OT1/cmr/m/n/10 \OML/cmm/m/it/10 G[]\OMS/cmsy/m/n/10 j\OT1/cmr/m/n/10 )
 []


! LaTeX Error: The font size command \normalsize is not defined:
               there is probably something wrong with the class file.

See the LaTeX manual or LaTeX Companion for explanation.
Type  H <return>  for immediate help.
 ...                                              
                                                  
l.65 ..._k\leq t]} \ln(1-c\,|\Delta G_{\tau_k}|)\]
                                                  
Your command was ignored.
Type  I <command> <return>  to replace it with another command,
or  <return>  to continue without it.

[1{C:/Users/Stando/AppData/Local/MiKTeX/2.9/pdftex/config/pdftex.map}])
! Emergency stop.
<*> ...l/MFF/Diplomka/!!!*Text/Amster/Chapter3.tex
                                                  
*** (job aborted, no legal \end found)

 
Here is how much of TeX's memory you used:
 18 strings out of 494049
 330 string characters out of 3148532
 58862 words of memory out of 3000000
 3404 multiletter control sequences out of 15000+200000
 3640 words of font info for 14 fonts, out of 3000000 for 9000
 715 hyphenation exceptions out of 8191
 18i,5n,12p,475b,111s stack positions out of 5000i,500n,10000p,200000b,50000s
!  ==> Fatal error occurred, no output PDF file produced!
