This is pdfTeX, Version 3.14159265-2.6-1.40.19 (MiKTeX 2.9.6700 64-bit) (preloaded format=pdflatex 2018.6.18)  31 JUL 2018 10:02
entering extended mode
**./Thesis.tex
(Thesis.tex
LaTeX2e <2018-04-01> patch level 5
("C:\Program Files\MiKTeX 2.9\tex\latex\base\report.cls"
Document Class: report 2014/09/29 v1.4h Standard LaTeX document class
("C:\Program Files\MiKTeX 2.9\tex\latex\base\size12.clo"
File: size12.clo 2014/09/29 v1.4h Standard LaTeX file (size option)
)
\c@part=\count80
\c@chapter=\count81
\c@section=\count82
\c@subsection=\count83
\c@subsubsection=\count84
\c@paragraph=\count85
\c@subparagraph=\count86
\c@figure=\count87
\c@table=\count88
\abovecaptionskip=\skip41
\belowcaptionskip=\skip42
\bibindent=\dimen102
) ("C:\Program Files\MiKTeX 2.9\tex\latex\base\inputenc.sty"
Package: inputenc 2018/04/06 v1.3b Input encoding file
\inpenc@prehook=\toks14
\inpenc@posthook=\toks15

("C:\Program Files\MiKTeX 2.9\tex\latex\base\cp1250.def"
File: cp1250.def 2018/04/06 v1.3b Input encoding file
)) ("C:\Program Files\MiKTeX 2.9\tex\latex\graphics\graphicx.sty"
Package: graphicx 2017/06/01 v1.1a Enhanced LaTeX Graphics (DPC,SPQR)
 ("C:\Program Files\MiKTeX 2.9\tex\latex\graphics\keyval.sty"
Package: keyval 2014/10/28 v1.15 key=value parser (DPC)
\KV@toks@=\toks16
)
("C:\Program Files\MiKTeX 2.9\tex\latex\graphics\graphics.sty"
Package: graphics 2017/06/25 v1.2c Standard LaTeX Graphics (DPC,SPQR)
 ("C:\Program Files\MiKTeX 2.9\tex\latex\graphics\trig.sty"
Package: trig 2016/01/03 v1.10 sin cos tan (DPC)
) ("C:\Program Files\MiKTeX 2.9\tex\latex\graphics-cfg\graphics.cfg"
File: graphics.cfg 2016/06/04 v1.11 sample graphics configuration
)
Package graphics Info: Driver file: pdftex.def on input line 99.

("C:\Program Files\MiKTeX 2.9\tex\latex\graphics-def\pdftex.def"
File: pdftex.def 2018/01/08 v1.0l Graphics/color driver for pdftex
))
\Gin@req@height=\dimen103
\Gin@req@width=\dimen104
)
("C:\Program Files\MiKTeX 2.9\tex\latex\amsmath\amsmath.sty"
Package: amsmath 2017/09/02 v2.17a AMS math features
\@mathmargin=\skip43

For additional information on amsmath, use the `?' option.
("C:\Program Files\MiKTeX 2.9\tex\latex\amsmath\amstext.sty"
Package: amstext 2000/06/29 v2.01 AMS text
 ("C:\Program Files\MiKTeX 2.9\tex\latex\amsmath\amsgen.sty"
File: amsgen.sty 1999/11/30 v2.0 generic functions
\@emptytoks=\toks17
\ex@=\dimen105
)) ("C:\Program Files\MiKTeX 2.9\tex\latex\amsmath\amsbsy.sty"
Package: amsbsy 1999/11/29 v1.2d Bold Symbols
\pmbraise@=\dimen106
)
("C:\Program Files\MiKTeX 2.9\tex\latex\amsmath\amsopn.sty"
Package: amsopn 2016/03/08 v2.02 operator names
)
\inf@bad=\count89
LaTeX Info: Redefining \frac on input line 213.
\uproot@=\count90
\leftroot@=\count91
LaTeX Info: Redefining \overline on input line 375.
\classnum@=\count92
\DOTSCASE@=\count93
LaTeX Info: Redefining \ldots on input line 472.
LaTeX Info: Redefining \dots on input line 475.
LaTeX Info: Redefining \cdots on input line 596.
\Mathstrutbox@=\box26
\strutbox@=\box27
\big@size=\dimen107
LaTeX Font Info:    Redeclaring font encoding OML on input line 712.
LaTeX Font Info:    Redeclaring font encoding OMS on input line 713.
\macc@depth=\count94
\c@MaxMatrixCols=\count95
\dotsspace@=\muskip10
\c@parentequation=\count96
\dspbrk@lvl=\count97
\tag@help=\toks18
\row@=\count98
\column@=\count99
\maxfields@=\count100
\andhelp@=\toks19
\eqnshift@=\dimen108
\alignsep@=\dimen109
\tagshift@=\dimen110
\tagwidth@=\dimen111
\totwidth@=\dimen112
\lineht@=\dimen113
\@envbody=\toks20
\multlinegap=\skip44
\multlinetaggap=\skip45
\mathdisplay@stack=\toks21
LaTeX Info: Redefining \[ on input line 2817.
LaTeX Info: Redefining \] on input line 2818.
) ("C:\Program Files\MiKTeX 2.9\tex\latex\amscls\amsthm.sty"
Package: amsthm 2017/10/31 v2.20.4
\thm@style=\toks22
\thm@bodyfont=\toks23
\thm@headfont=\toks24
\thm@notefont=\toks25
\thm@headpunct=\toks26
\thm@preskip=\skip46
\thm@postskip=\skip47
\thm@headsep=\skip48
\dth@everypar=\toks27
) ("C:\Program Files\MiKTeX 2.9\tex\latex\amsfonts\amssymb.sty"
Package: amssymb 2013/01/14 v3.01 AMS font symbols

("C:\Program Files\MiKTeX 2.9\tex\latex\amsfonts\amsfonts.sty"
Package: amsfonts 2013/01/14 v3.01 Basic AMSFonts support
\symAMSa=\mathgroup4
\symAMSb=\mathgroup5
LaTeX Font Info:    Overwriting math alphabet `\mathfrak' in version `bold'
(Font)                  U/euf/m/n --> U/euf/b/n on input line 106.
))
(C:\Users\Palo\AppData\Roaming\MiKTeX\2.9\tex\latex\subfigure\subfigure.sty
Package: subfigure 2002/07/30 v2.1.4 subfigure package
\subfigtopskip=\skip49
\subfigcapskip=\skip50
\subfigcaptopadj=\dimen114
\subfigbottomskip=\skip51
\subfigcapmargin=\dimen115
\subfiglabelskip=\skip52
\c@subfigure=\count101
\c@lofdepth=\count102
\c@subtable=\count103
\c@lotdepth=\count104

****************************************
* Local config file subfigure.cfg used *
****************************************
(C:\Users\Palo\AppData\Roaming\MiKTeX\2.9\tex\latex\subfigure\subfigure.cfg)
\subfig@top=\skip53
\subfig@bottom=\skip54
)
("C:\Program Files\MiKTeX 2.9\tex\latex\graphics\color.sty"
Package: color 2016/07/10 v1.1e Standard LaTeX Color (DPC)

("C:\Program Files\MiKTeX 2.9\tex\latex\graphics-cfg\color.cfg"
File: color.cfg 2016/01/02 v1.6 sample color configuration
)
Package color Info: Driver file: pdftex.def on input line 147.
)
("C:\Program Files\MiKTeX 2.9\tex\latex\geometry\geometry.sty"
Package: geometry 2018/04/16 v5.8 Page Geometry

("C:\Program Files\MiKTeX 2.9\tex\generic\oberdiek\ifpdf.sty"
Package: ifpdf 2017/03/15 v3.2 Provides the ifpdf switch
)
("C:\Program Files\MiKTeX 2.9\tex\generic\oberdiek\ifvtex.sty"
Package: ifvtex 2016/05/16 v1.6 Detect VTeX and its facilities (HO)
Package ifvtex Info: VTeX not detected.
)
("C:\Program Files\MiKTeX 2.9\tex\generic\ifxetex\ifxetex.sty"
Package: ifxetex 2010/09/12 v0.6 Provides ifxetex conditional
)
\Gm@cnth=\count105
\Gm@cntv=\count106
\c@Gm@tempcnt=\count107
\Gm@bindingoffset=\dimen116
\Gm@wd@mp=\dimen117
\Gm@odd@mp=\dimen118
\Gm@even@mp=\dimen119
\Gm@layoutwidth=\dimen120
\Gm@layoutheight=\dimen121
\Gm@layouthoffset=\dimen122
\Gm@layoutvoffset=\dimen123
\Gm@dimlist=\toks28

("C:\Program Files\MiKTeX 2.9\tex\latex\geometry\geometry.cfg"))
("C:\Program Files\MiKTeX 2.9\tex\latex\multirow\multirow.sty"
Package: multirow 2016/11/25 v2.2 Span multiple rows of a table
\multirow@colwidth=\skip55
\multirow@cntb=\count108
\multirow@dima=\skip56
\bigstrutjot=\dimen124
)
("C:\Program Files\MiKTeX 2.9\tex\latex\tools\enumerate.sty"
Package: enumerate 2015/07/23 v3.00 enumerate extensions (DPC)
\@enLab=\toks29
) ("C:\Program Files\MiKTeX 2.9\tex\latex\graphics\epsfig.sty"
Package: epsfig 2017/06/25 v1.7b (e)psfig emulation (SPQR)
\epsfxsize=\dimen125
\epsfysize=\dimen126
) (C:\Users\Palo\AppData\Roaming\MiKTeX\2.9\tex\latex\bezos\accents.sty
Package: accents 2006/05/12 v1.3 Math Accent Tools
\cc@skew=\dimen127
\cc@wd=\dimen128
\cc@code=\count109
\cc@group=\count110
\cc@skewchar=\count111
)
("C:\Program Files\MiKTeX 2.9\tex\latex\tools\verbatim.sty"
Package: verbatim 2014/10/28 v1.5q LaTeX2e package for verbatim enhancements
\every@verbatim=\toks30
\verbatim@line=\toks31
\verbatim@in@stream=\read1
)
(C:\Users\Palo\AppData\Roaming\MiKTeX\2.9\tex\latex\easy\easybmat.sty
Document Style `easybmat' v1.0 <2001/06/13>.
(C:\Users\Palo\AppData\Roaming\MiKTeX\2.9\tex\latex\easy\easy.sty
Document Style `easy' v1.1 <2001/05/31>.
Package: easy 2001/05/31 v1.1
\@easy@level=\count112
\@easy@ncol=\count113
\@easy@nrow=\count114
\@easy@cnt=\count115
\@easy@boxviii=\box28
\@easy@minxviii=\dimen129
\@easy@minyviii=\dimen130
\@easy@maxxviii=\dimen131
\@easy@maxyviii=\dimen132
\@easy@boxvii=\box29
\@easy@minxvii=\dimen133
\@easy@minyvii=\dimen134
\@easy@maxxvii=\dimen135
\@easy@maxyvii=\dimen136
\@easy@boxvi=\box30
\@easy@minxvi=\dimen137
\@easy@minyvi=\dimen138
\@easy@maxxvi=\dimen139
\@easy@maxyvi=\dimen140
\@easy@boxv=\box31
\@easy@minxv=\dimen141
\@easy@minyv=\dimen142
\@easy@maxxv=\dimen143
\@easy@maxyv=\dimen144
\@easy@boxiv=\box32
\@easy@minxiv=\dimen145
\@easy@minyiv=\dimen146
\@easy@maxxiv=\dimen147
\@easy@maxyiv=\dimen148
\@easy@boxiii=\box33
\@easy@minxiii=\dimen149
\@easy@minyiii=\dimen150
\@easy@maxxiii=\dimen151
\@easy@maxyiii=\dimen152
\@easy@boxii=\box34
\@easy@minxii=\dimen153
\@easy@minyii=\dimen154
\@easy@maxxii=\dimen155
\@easy@maxyii=\dimen156
\@easy@boxi=\box35
\@easy@minxi=\dimen157
\@easy@minyi=\dimen158
\@easy@maxxi=\dimen159
\@easy@maxyi=\dimen160
\@easy@hsizexxx=\dimen161
\@easy@vsizexxx=\dimen162
\@easy@hsizexxix=\dimen163
\@easy@vsizexxix=\dimen164
\@easy@hsizexxviii=\dimen165
\@easy@vsizexxviii=\dimen166
\@easy@hsizexxvii=\dimen167
\@easy@vsizexxvii=\dimen168
\@easy@hsizexxvi=\dimen169
\@easy@vsizexxvi=\dimen170
\@easy@hsizexxv=\dimen171
\@easy@vsizexxv=\dimen172
\@easy@hsizexxiv=\dimen173
\@easy@vsizexxiv=\dimen174
\@easy@hsizexxiii=\dimen175
\@easy@vsizexxiii=\dimen176
\@easy@hsizexxii=\dimen177
\@easy@vsizexxii=\dimen178
\@easy@hsizexxi=\dimen179
\@easy@vsizexxi=\dimen180
\@easy@hsizexx=\dimen181
\@easy@vsizexx=\dimen182
\@easy@hsizexix=\dimen183
\@easy@vsizexix=\dimen184
\@easy@hsizexviii=\dimen185
\@easy@vsizexviii=\dimen186
\@easy@hsizexvii=\dimen187
\@easy@vsizexvii=\dimen188
\@easy@hsizexvi=\dimen189
\@easy@vsizexvi=\dimen190
\@easy@hsizexv=\dimen191
\@easy@vsizexv=\dimen192
\@easy@hsizexiv=\dimen193
\@easy@vsizexiv=\dimen194
\@easy@hsizexiii=\dimen195
\@easy@vsizexiii=\dimen196
\@easy@hsizexii=\dimen197
\@easy@vsizexii=\dimen198
\@easy@hsizexi=\dimen199
\@easy@vsizexi=\dimen256
\@easy@hsizex=\dimen257
\@easy@vsizex=\dimen258
\@easy@hsizeix=\dimen259
\@easy@vsizeix=\dimen260
\@easy@hsizeviii=\dimen261
\@easy@vsizeviii=\dimen262
\@easy@hsizevii=\dimen263
\@easy@vsizevii=\dimen264
\@easy@hsizevi=\dimen265
\@easy@vsizevi=\dimen266
\@easy@hsizev=\dimen267
\@easy@vsizev=\dimen268
\@easy@hsizeiv=\dimen269
\@easy@vsizeiv=\dimen270
\@easy@hsizeiii=\dimen271
\@easy@vsizeiii=\dimen272
\@easy@hsizeii=\dimen273
\@easy@vsizeii=\dimen274
\@easy@hsizei=\dimen275
\@easy@vsizei=\dimen276
\@easy@dash@len=\dimen277
\@easy@dash@sep=\dimen278
)
Package: easybmat 2001/05/31 v1.1
\@bmat@size@rule=\dimen279
\@bmat@size@dash=\dimen280
) (C:\Users\Palo\AppData\Roaming\MiKTeX\2.9\tex\latex\appendix\appendix.sty
Package: appendix 2009/09/02 v1.2b extra appendix facilities
\c@@pps=\count116
\c@@ppsavesec=\count117
\c@@ppsaveapp=\count118
)
(C:\Users\Palo\AppData\Roaming\MiKTeX\2.9\tex\latex\koma-script\scrextend.sty
Package: scrextend 2018/03/30 v3.25 KOMA-Script package (extend other classes with features of KOMA-Script classes)

(C:\Users\Palo\AppData\Roaming\MiKTeX\2.9\tex\latex\koma-script\scrkbase.sty
Package: scrkbase 2018/03/30 v3.25 KOMA-Script package (KOMA-Script-dependent basics and keyval usage)

(C:\Users\Palo\AppData\Roaming\MiKTeX\2.9\tex\latex\koma-script\scrbase.sty
Package: scrbase 2018/03/30 v3.25 KOMA-Script package (KOMA-Script-independent basics and keyval usage)

(C:\Users\Palo\AppData\Roaming\MiKTeX\2.9\tex\latex\koma-script\scrlfile.sty
Package: scrlfile 2018/03/30 v3.25 KOMA-Script package (loading files)
))))
\dwidehatheight=\skip57
\c@thm=\count119
 (Thesis.aux

LaTeX Warning: Label `position' multiply defined.


LaTeX Warning: Label `GDevelDiscr' multiply defined.


LaTeX Warning: Label `sub@GDevelDiscr' multiply defined.


LaTeX Warning: Label `IDevelDiscr' multiply defined.


LaTeX Warning: Label `sub@IDevelDiscr' multiply defined.


LaTeX Warning: Label `GDevelCont' multiply defined.


LaTeX Warning: Label `sub@GDevelCont' multiply defined.


LaTeX Warning: Label `IDevelCont' multiply defined.


LaTeX Warning: Label `sub@IDevelCont' multiply defined.


LaTeX Warning: Label `ineq' multiply defined.


LaTeX Warning: Label `Howard' multiply defined.

)
\openout1 = `Thesis.aux'.

LaTeX Font Info:    Checking defaults for OML/cmm/m/it on input line 78.
LaTeX Font Info:    ... okay on input line 78.
LaTeX Font Info:    Checking defaults for T1/cmr/m/n on input line 78.
LaTeX Font Info:    ... okay on input line 78.
LaTeX Font Info:    Checking defaults for OT1/cmr/m/n on input line 78.
LaTeX Font Info:    ... okay on input line 78.
LaTeX Font Info:    Checking defaults for OMS/cmsy/m/n on input line 78.
LaTeX Font Info:    ... okay on input line 78.
LaTeX Font Info:    Checking defaults for OMX/cmex/m/n on input line 78.
LaTeX Font Info:    ... okay on input line 78.
LaTeX Font Info:    Checking defaults for U/cmr/m/n on input line 78.
LaTeX Font Info:    ... okay on input line 78.
 (C:\Users\Palo\AppData\Roaming\MiKTeX\2.9\tex\context\base\supp-pdf.mkii
[Loading MPS to PDF converter (version 2006.09.02).]
\scratchcounter=\count120
\scratchdimen=\dimen281
\scratchbox=\box36
\nofMPsegments=\count121
\nofMParguments=\count122
\everyMPshowfont=\toks32
\MPscratchCnt=\count123
\MPscratchDim=\dimen282
\MPnumerator=\count124
\makeMPintoPDFobject=\count125
\everyMPtoPDFconversion=\toks33
) ("C:\Program Files\MiKTeX 2.9\tex\latex\oberdiek\epstopdf-base.sty"
Package: epstopdf-base 2016/05/15 v2.6 Base part for package epstopdf

("C:\Program Files\MiKTeX 2.9\tex\generic\oberdiek\infwarerr.sty"
Package: infwarerr 2016/05/16 v1.4 Providing info/warning/error messages (HO)
)
("C:\Program Files\MiKTeX 2.9\tex\latex\oberdiek\grfext.sty"
Package: grfext 2016/05/16 v1.2 Manage graphics extensions (HO)

("C:\Program Files\MiKTeX 2.9\tex\generic\oberdiek\kvdefinekeys.sty"
Package: kvdefinekeys 2016/05/16 v1.4 Define keys (HO)

("C:\Program Files\MiKTeX 2.9\tex\generic\oberdiek\ltxcmds.sty"
Package: ltxcmds 2016/05/16 v1.23 LaTeX kernel commands for general use (HO)
)))
("C:\Program Files\MiKTeX 2.9\tex\latex\oberdiek\kvoptions.sty"
Package: kvoptions 2016/05/16 v3.12 Key value format for package options (HO)

("C:\Program Files\MiKTeX 2.9\tex\generic\oberdiek\kvsetkeys.sty"
Package: kvsetkeys 2016/05/16 v1.17 Key value parser (HO)

("C:\Program Files\MiKTeX 2.9\tex\generic\oberdiek\etexcmds.sty"
Package: etexcmds 2016/05/16 v1.6 Avoid name clashes with e-TeX commands (HO)

("C:\Program Files\MiKTeX 2.9\tex\generic\oberdiek\ifluatex.sty"
Package: ifluatex 2016/05/16 v1.4 Provides the ifluatex switch (HO)
Package ifluatex Info: LuaTeX not detected.
)
Package etexcmds Info: Could not find \expanded.
(etexcmds)             That can mean that you are not using pdfTeX 1.50 or
(etexcmds)             that some package has redefined \expanded.
(etexcmds)             In the latter case, load this package earlier.
)))
("C:\Program Files\MiKTeX 2.9\tex\generic\oberdiek\pdftexcmds.sty"
Package: pdftexcmds 2018/01/30 v0.27 Utility functions of pdfTeX for LuaTeX (HO)
Package pdftexcmds Info: LuaTeX not detected.
Package pdftexcmds Info: \pdf@primitive is available.
Package pdftexcmds Info: \pdf@ifprimitive is available.
Package pdftexcmds Info: \pdfdraftmode found.
)
Package epstopdf-base Info: Redefining graphics rule for `.eps' on input line 438.
Package grfext Info: Graphics extension search list:
(grfext)             [.pdf,.png,.jpg,.mps,.jpeg,.jbig2,.jb2,.PDF,.PNG,.JPG,.JPEG,.JBIG2,.JB2,.eps]
(grfext)             \AppendGraphicsExtensions on input line 456.
)
*geometry* driver: auto-detecting
*geometry* detected driver: pdftex
*geometry* verbose mode - [ preamble ] result:
* driver: pdftex
* paper: a4paper
* layout: <same size as paper>
* layoutoffset:(h,v)=(0.0pt,0.0pt)
* modes: 
* h-part:(L,W,R)=(99.58464pt, 426.79135pt, 71.13188pt)
* v-part:(T,H,B)=(85.35826pt, 645.87756pt, 113.81102pt)
* \paperwidth=597.50787pt
* \paperheight=845.04684pt
* \textwidth=426.79135pt
* \textheight=645.87756pt
* \oddsidemargin=27.31465pt
* \evensidemargin=27.31465pt
* \topmargin=-23.91173pt
* \headheight=12.0pt
* \headsep=25.0pt
* \topskip=12.0pt
* \footskip=30.0pt
* \marginparwidth=35.0pt
* \marginparsep=10.0pt
* \columnsep=10.0pt
* \skip\footins=10.8pt plus 4.0pt minus 2.0pt
* \hoffset=0.0pt
* \voffset=0.0pt
* \mag=1000
* \@twocolumnfalse
* \@twosidefalse
* \@mparswitchfalse
* \@reversemarginfalse
* (1in=72.27pt=25.4mm, 1cm=28.453pt)

(TitleMFF.tex
<Logo_MFF.jpg, id=1, 371.3875pt x 366.36874pt>
File: Logo_MFF.jpg Graphic file (type jpg)
<use Logo_MFF.jpg>
Package pdftex.def Info: Logo_MFF.jpg  used on input line 23.
(pdftex.def)             Requested size: 148.55235pt x 146.54489pt.
LaTeX Font Info:    Try loading font information for U+msa on input line 38.
 ("C:\Program Files\MiKTeX 2.9\tex\latex\amsfonts\umsa.fd"
File: umsa.fd 2013/01/14 v3.01 AMS symbols A
)
LaTeX Font Info:    Try loading font information for U+msb on input line 38.

("C:\Program Files\MiKTeX 2.9\tex\latex\amsfonts\umsb.fd"
File: umsb.fd 2013/01/14 v3.01 AMS symbols B
) [1

{C:/Users/Palo/AppData/Local/MiKTeX/2.9/pdftex/config/pdftex.map} <./Logo_MFF.jpg>]
LaTeX Font Info:    Try loading font information for OMS+cmr on input line 66.
 ("C:\Program Files\MiKTeX 2.9\tex\latex\base\omscmr.fd"
File: omscmr.fd 2014/09/29 v2.5h Standard LaTeX font definitions
)
LaTeX Font Info:    Font shape `OMS/cmr/m/n' in size <12> not available
(Font)              Font shape `OMS/cmsy/m/n' tried instead on input line 66.

Underfull \hbox (badness 10000) in paragraph at lines 64--69

 []


Underfull \hbox (badness 10000) in paragraph at lines 64--69

 []


Underfull \hbox (badness 10000) in paragraph at lines 64--69

 []

[1]
Underfull \hbox (badness 10000) in paragraph at lines 87--97

 []


Underfull \hbox (badness 10000) in paragraph at lines 87--97

 []


Underfull \hbox (badness 10000) in paragraph at lines 100--110

 []


Underfull \hbox (badness 10000) in paragraph at lines 100--110

 []

[2] (Thesis.toc)
\tf@toc=\write3
\openout3 = `Thesis.toc'.

) (Chapter1.tex [3

] [4

]
Chapter 1.
[5

] [6]
Overfull \hbox (8.56592pt too wide) in paragraph at lines 76--77
[]\OT1/cmr/bx/n/12 Definition 1.3. []\OT1/cmr/m/n/12 A sys-tem $(
\OML/cmm/m/it/12 ; \OMS/cmsy/m/n/12 fF[]g[]\OML/cmm/m/it/12 ; X; \OMS/cmsy/m/n/12 f\U/msb/m/n/12 P[]\OMS/cmsy/m/n/12 g[]
\OT1/cmr/m/n/12 )$ is called a \OT1/cmr/m/it/12 (ho-moge-nous) Markov
 []

[7] [8] [9] [10] [11] [12] [13] [14] [15]
Overfull \hbox (5.32738pt too wide) in paragraph at lines 411--412
[]\OT1/cmr/bx/n/12 Theorem 1.13. []\OT1/cmr/m/it/12 Let $\OMS/cmsy/m/n/12 X$ \OT1/cmr/m/it/12 be a count-able set. As-su
me that the sys-tem $[][] \OT1/cmr/m/n/12 = \OMS/cmsy/m/n/12 f\OML/cmm/m/it/12 p[]\OT1/cmr/m/n/12 (\OML/cmm/m/it/12 t\OT
1/cmr/m/n/12 )\OMS/cmsy/m/n/12 g[]$
 []

[16] [17]
Overfull \hbox (14.22958pt too wide) in paragraph at lines 505--507
[]\OT1/cmr/m/it/12 The pro-cess $\OMS/cmsy/m/n/12 f\OML/cmm/m/it/12 X[]\OMS/cmsy/m/n/12 g[]$ \OT1/cmr/m/it/12 is a Marko
v chain with fil-tra-tion $\OMS/cmsy/m/n/12 fF[]g[]$
 []

[18]
<obr1.jpg, id=87, 492.33937pt x 317.68687pt>
File: obr1.jpg Graphic file (type jpg)
<use obr1.jpg>
Package pdftex.def Info: obr1.jpg  used on input line 532.
(pdftex.def)             Requested size: 196.93225pt x 127.07248pt.
<obr2.jpg, id=88, 604.50844pt x 405.01312pt>
File: obr2.jpg Graphic file (type jpg)
<use obr2.jpg>
Package pdftex.def Info: obr2.jpg  used on input line 536.
(pdftex.def)             Requested size: 193.44664pt x 129.60684pt.
 [19 <./obr1.jpg> <./obr2.jpg>]
Overfull \hbox (6.40338pt too wide) detected at line 560
[]
 []

[20] [21] [22]) (Chapter2.tex [23]
Chapter 2.
[24

] [25] [26] [27] [28] [29] [30] [31] [32] [33] [34] [35]
<DiscrApprox_G5.jpg, id=142, 361.35pt x 233.87375pt>
File: DiscrApprox_G5.jpg Graphic file (type jpg)
<use DiscrApprox_G5.jpg>
Package pdftex.def Info: DiscrApprox_G5.jpg  used on input line 675.
(pdftex.def)             Requested size: 198.74312pt x 128.63094pt.
<DiscrApprox_Int5.jpg, id=143, 361.35pt x 236.885pt>
File: DiscrApprox_Int5.jpg Graphic file (type jpg)
<use DiscrApprox_Int5.jpg>
Package pdftex.def Info: DiscrApprox_Int5.jpg  used on input line 679.
(pdftex.def)             Requested size: 198.74312pt x 130.28714pt.
<DiscrApprox_G9.jpg, id=144, 361.35pt x 233.87375pt>
File: DiscrApprox_G9.jpg Graphic file (type jpg)
<use DiscrApprox_G9.jpg>
Package pdftex.def Info: DiscrApprox_G9.jpg  used on input line 683.
(pdftex.def)             Requested size: 198.74312pt x 128.63094pt.
<DiscrApprox_Int9.jpg, id=145, 361.35pt x 236.885pt>
File: DiscrApprox_Int9.jpg Graphic file (type jpg)
<use DiscrApprox_Int9.jpg>
Package pdftex.def Info: DiscrApprox_Int9.jpg  used on input line 687.
(pdftex.def)             Requested size: 198.74312pt x 130.28714pt.
<ContApprox_G5.jpg, id=146, 361.35pt x 233.87375pt>
File: ContApprox_G5.jpg Graphic file (type jpg)
<use ContApprox_G5.jpg>
Package pdftex.def Info: ContApprox_G5.jpg  used on input line 697.
(pdftex.def)             Requested size: 198.74312pt x 128.63094pt.
<ContApprox_Int5.jpg, id=147, 361.35pt x 236.885pt>
File: ContApprox_Int5.jpg Graphic file (type jpg)
<use ContApprox_Int5.jpg>
Package pdftex.def Info: ContApprox_Int5.jpg  used on input line 701.
(pdftex.def)             Requested size: 198.74312pt x 130.28714pt.
<ContApprox_G9.jpg, id=148, 361.35pt x 233.87375pt>
File: ContApprox_G9.jpg Graphic file (type jpg)
<use ContApprox_G9.jpg>
Package pdftex.def Info: ContApprox_G9.jpg  used on input line 705.
(pdftex.def)             Requested size: 198.74312pt x 128.63094pt.
<ContApprox_Int9.jpg, id=149, 361.35pt x 236.885pt>
File: ContApprox_Int9.jpg Graphic file (type jpg)
<use ContApprox_Int9.jpg>
Package pdftex.def Info: ContApprox_Int9.jpg  used on input line 709.
(pdftex.def)             Requested size: 198.74312pt x 130.28714pt.
 [36 <./DiscrApprox_G5.jpg> <./DiscrApprox_Int5.jpg> <./DiscrApprox_G9.jpg> <./DiscrApprox_Int9.jpg>] [37 <./ContApprox_
G5.jpg> <./ContApprox_Int5.jpg> <./ContApprox_G9.jpg> <./ContApprox_Int9.jpg>]) (Appendix.tex [38

]
Appendix A.
[39

]
Appendix B.
[40

]
Appendix C.

Package amsmath Warning: Foreign command \atopwithdelims;
(amsmath)                \frac or \genfrac should be used instead
(amsmath)                 on input line 153.

[41

] [42]
Appendix D.

Underfull \hbox (badness 10000) in paragraph at lines 183--186

 []

[43

]) (Reference.tex [44]
Underfull \hbox (badness 1735) in paragraph at lines 15--16
[]\OT1/cmr/m/n/12 Howard R.A., Math-e-son J.E., (1960), ``Risk-Sensitive Markov De-ci-sion
 []

[45


]) [46] (Thesis.aux)

LaTeX Warning: There were multiply-defined labels.

 ) 
Here is how much of TeX's memory you used:
 4609 strings out of 492973
 65093 string characters out of 3135935
 165715 words of memory out of 3000000
 8334 multiletter control sequences out of 15000+200000
 20511 words of font info for 79 fonts, out of 3000000 for 9000
 1141 hyphenation exceptions out of 8191
 51i,22n,40p,1163b,320s stack positions out of 5000i,500n,10000p,200000b,50000s
<C:/Program Files/MiKTeX 2.9/fonts/type1/public/amsfonts/cm/cmbx12.pfb><C:/Program Files/MiKTeX 2.9/fonts/type1/public
/amsfonts/cm/cmex10.pfb><C:/Program Files/MiKTeX 2.9/fonts/type1/public/amsfonts/cmextra/cmex8.pfb><C:/Program Files/MiK
TeX 2.9/fonts/type1/public/amsfonts/cm/cmitt10.pfb><C:/Program Files/MiKTeX 2.9/fonts/type1/public/amsfonts/cm/cmmi10.pf
b><C:/Program Files/MiKTeX 2.9/fonts/type1/public/amsfonts/cm/cmmi12.pfb><C:/Program Files/MiKTeX 2.9/fonts/type1/public
/amsfonts/cm/cmmi6.pfb><C:/Program Files/MiKTeX 2.9/fonts/type1/public/amsfonts/cm/cmmi7.pfb><C:/Program Files/MiKTeX 2.
9/fonts/type1/public/amsfonts/cm/cmmi8.pfb><C:/Program Files/MiKTeX 2.9/fonts/type1/public/amsfonts/cm/cmmib10.pfb><C:/P
rogram Files/MiKTeX 2.9/fonts/type1/public/amsfonts/cm/cmr10.pfb><C:/Program Files/MiKTeX 2.9/fonts/type1/public/amsfont
s/cm/cmr12.pfb><C:/Program Files/MiKTeX 2.9/fonts/type1/public/amsfonts/cm/cmr17.pfb><C:/Program Files/MiKTeX 2.9/fonts/
type1/public/amsfonts/cm/cmr6.pfb><C:/Program Files/MiKTeX 2.9/fonts/type1/public/amsfonts/cm/cmr8.pfb><C:/Program Files
/MiKTeX 2.9/fonts/type1/public/amsfonts/cm/cmsy10.pfb><C:/Program Files/MiKTeX 2.9/fonts/type1/public/amsfonts/cm/cmsy6.
pfb><C:/Program Files/MiKTeX 2.9/fonts/type1/public/amsfonts/cm/cmsy7.pfb><C:/Program Files/MiKTeX 2.9/fonts/type1/publi
c/amsfonts/cm/cmsy8.pfb><C:/Program Files/MiKTeX 2.9/fonts/type1/public/amsfonts/cm/cmti12.pfb><C:/Program Files/MiKTeX 
2.9/fonts/type1/public/amsfonts/cm/cmtt10.pfb><C:/Program Files/MiKTeX 2.9/fonts/type1/public/amsfonts/cm/cmtt12.pfb><C:
/Program Files/MiKTeX 2.9/fonts/type1/public/amsfonts/cm/cmtt8.pfb><C:/Program Files/MiKTeX 2.9/fonts/type1/public/amsfo
nts/symbols/msam10.pfb><C:/Program Files/MiKTeX 2.9/fonts/type1/public/amsfonts/symbols/msbm10.pfb>
Output written on Thesis.pdf (47 pages, 744524 bytes).
PDF statistics:
 265 PDF objects out of 1000 (max. 8388607)
 0 named destinations out of 1000 (max. 500000)
 56 words of extra memory for PDF output out of 10000 (max. 10000000)

